This is pdfTeX, Version 3.14159265-2.6-1.40.17 (TeX Live 2016/Arch Linux) (preloaded format=pdflatex 2017.4.15)  19 APR 2017 23:11
entering extended mode
 restricted \write18 enabled.
 %&-line parsing enabled.
**typeinst.tex
(./typeinst.tex
LaTeX2e <2016/03/31> patch level 3
Babel <3.9r> and hyphenation patterns for 83 language(s) loaded.
(./llncs.cls
Document Class: llncs 2015/06/24 v2.20 
 LaTeX document class for Lecture Notes in Computer Science
(/usr/share/texmf-dist/tex/latex/base/article.cls
Document Class: article 2014/09/29 v1.4h Standard LaTeX document class
(/usr/share/texmf-dist/tex/latex/base/size10.clo
File: size10.clo 2014/09/29 v1.4h Standard LaTeX file (size option)
)
\c@part=\count79
\c@section=\count80
\c@subsection=\count81
\c@subsubsection=\count82
\c@paragraph=\count83
\c@subparagraph=\count84
\c@figure=\count85
\c@table=\count86
\abovecaptionskip=\skip41
\belowcaptionskip=\skip42
\bibindent=\dimen102
)
(/usr/share/texmf-dist/tex/latex/tools/multicol.sty
Package: multicol 2016/04/07 v1.8p multicolumn formatting (FMi)
\c@tracingmulticols=\count87
\mult@box=\box26
\multicol@leftmargin=\dimen103
\c@unbalance=\count88
\c@collectmore=\count89
\doublecol@number=\count90
\multicoltolerance=\count91
\multicolpretolerance=\count92
\full@width=\dimen104
\page@free=\dimen105
\premulticols=\dimen106
\postmulticols=\dimen107
\multicolsep=\skip43
\multicolbaselineskip=\skip44
\partial@page=\box27
\last@line=\box28
\maxbalancingoverflow=\dimen108
\mult@rightbox=\box29
\mult@grightbox=\box30
\mult@gfirstbox=\box31
\mult@firstbox=\box32
\@tempa=\box33
\@tempa=\box34
\@tempa=\box35
\@tempa=\box36
\@tempa=\box37
\@tempa=\box38
\@tempa=\box39
\@tempa=\box40
\@tempa=\box41
\@tempa=\box42
\@tempa=\box43
\@tempa=\box44
\@tempa=\box45
\@tempa=\box46
\@tempa=\box47
\@tempa=\box48
\@tempa=\box49
\c@columnbadness=\count93
\c@finalcolumnbadness=\count94
\last@try=\dimen109
\multicolovershoot=\dimen110
\multicolundershoot=\dimen111
\mult@nat@firstbox=\box50
\colbreak@box=\box51
\mc@col@check@num=\count95
)
(/usr/share/texmf-dist/tex/latex/oberdiek/aliascnt.sty
Package: aliascnt 2016/05/16 v1.4 Alias counters (HO)

(/usr/share/texmf-dist/tex/latex/carlisle/remreset.sty))
\c@chapter=\count96
LaTeX Font Info:    Redeclaring math symbol \Gamma on input line 362.
LaTeX Font Info:    Redeclaring math symbol \Delta on input line 363.
LaTeX Font Info:    Redeclaring math symbol \Theta on input line 364.
LaTeX Font Info:    Redeclaring math symbol \Lambda on input line 365.
LaTeX Font Info:    Redeclaring math symbol \Xi on input line 366.
LaTeX Font Info:    Redeclaring math symbol \Pi on input line 367.
LaTeX Font Info:    Redeclaring math symbol \Sigma on input line 368.
LaTeX Font Info:    Redeclaring math symbol \Upsilon on input line 369.
LaTeX Font Info:    Redeclaring math symbol \Phi on input line 370.
LaTeX Font Info:    Redeclaring math symbol \Psi on input line 371.
LaTeX Font Info:    Redeclaring math symbol \Omega on input line 372.
\tocchpnum=\dimen112
\tocsecnum=\dimen113
\tocsectotal=\dimen114
\tocsubsecnum=\dimen115
\tocsubsectotal=\dimen116
\tocsubsubsecnum=\dimen117
\tocsubsubsectotal=\dimen118
\tocparanum=\dimen119
\tocparatotal=\dimen120
\tocsubparanum=\dimen121
\@tempcntc=\count97
\fnindent=\dimen122
\c@@inst=\count98
\c@@auth=\count99
\c@auco=\count100
\instindent=\dimen123
\authrun=\box52
\authorrunning=\toks14
\tocauthor=\toks15
\titrun=\box53
\titlerunning=\toks16
\toctitle=\toks17
\c@theorem=\count101
\c@case=\count102
\c@conjecture=\count103
\c@corollary=\count104
\c@definition=\count105
\c@example=\count106
\c@exercise=\count107
\c@lemma=\count108
\c@note=\count109
\c@problem=\count110
\c@property=\count111
\c@proposition=\count112
\c@question=\count113
\c@solution=\count114
\c@remark=\count115
\headlineindent=\dimen124
)
(/usr/share/texmf-dist/tex/latex/hyperref/hyperref.sty
Package: hyperref 2016/06/24 v6.83q Hypertext links for LaTeX

(/usr/share/texmf-dist/tex/generic/oberdiek/hobsub-hyperref.sty
Package: hobsub-hyperref 2016/05/16 v1.14 Bundle oberdiek, subset hyperref (HO)


(/usr/share/texmf-dist/tex/generic/oberdiek/hobsub-generic.sty
Package: hobsub-generic 2016/05/16 v1.14 Bundle oberdiek, subset generic (HO)
Package: hobsub 2016/05/16 v1.14 Construct package bundles (HO)
Package: infwarerr 2016/05/16 v1.4 Providing info/warning/error messages (HO)
Package: ltxcmds 2016/05/16 v1.23 LaTeX kernel commands for general use (HO)
Package: ifluatex 2016/05/16 v1.4 Provides the ifluatex switch (HO)
Package ifluatex Info: LuaTeX not detected.
Package: ifvtex 2016/05/16 v1.6 Detect VTeX and its facilities (HO)
Package ifvtex Info: VTeX not detected.
Package: intcalc 2016/05/16 v1.2 Expandable calculations with integers (HO)
Package: ifpdf 2016/05/14 v3.1 Provides the ifpdf switch
Package: etexcmds 2016/05/16 v1.6 Avoid name clashes with e-TeX commands (HO)
Package etexcmds Info: Could not find \expanded.
(etexcmds)             That can mean that you are not using pdfTeX 1.50 or
(etexcmds)             that some package has redefined \expanded.
(etexcmds)             In the latter case, load this package earlier.
Package: kvsetkeys 2016/05/16 v1.17 Key value parser (HO)
Package: kvdefinekeys 2016/05/16 v1.4 Define keys (HO)
Package: pdftexcmds 2016/05/21 v0.22 Utility functions of pdfTeX for LuaTeX (HO
)
Package pdftexcmds Info: LuaTeX not detected.
Package pdftexcmds Info: \pdf@primitive is available.
Package pdftexcmds Info: \pdf@ifprimitive is available.
Package pdftexcmds Info: \pdfdraftmode found.
Package: pdfescape 2016/05/16 v1.14 Implements pdfTeX's escape features (HO)
Package: bigintcalc 2016/05/16 v1.4 Expandable calculations on big integers (HO
)
Package: bitset 2016/05/16 v1.2 Handle bit-vector datatype (HO)
Package: uniquecounter 2016/05/16 v1.3 Provide unlimited unique counter (HO)
)
Package hobsub Info: Skipping package `hobsub' (already loaded).
Package: letltxmacro 2016/05/16 v1.5 Let assignment for LaTeX macros (HO)
Package: hopatch 2016/05/16 v1.3 Wrapper for package hooks (HO)
Package: xcolor-patch 2016/05/16 xcolor patch
Package: atveryend 2016/05/16 v1.9 Hooks at the very end of document (HO)
Package atveryend Info: \enddocument detected (standard20110627).
Package: atbegshi 2016/06/09 v1.18 At begin shipout hook (HO)
Package: refcount 2016/05/16 v3.5 Data extraction from label references (HO)
Package: hycolor 2016/05/16 v1.8 Color options for hyperref/bookmark (HO)
)
(/usr/share/texmf-dist/tex/latex/graphics/keyval.sty
Package: keyval 2014/10/28 v1.15 key=value parser (DPC)
\KV@toks@=\toks18
)
(/usr/share/texmf-dist/tex/generic/ifxetex/ifxetex.sty
Package: ifxetex 2010/09/12 v0.6 Provides ifxetex conditional
)
(/usr/share/texmf-dist/tex/latex/oberdiek/auxhook.sty
Package: auxhook 2016/05/16 v1.4 Hooks for auxiliary files (HO)
)
(/usr/share/texmf-dist/tex/latex/oberdiek/kvoptions.sty
Package: kvoptions 2016/05/16 v3.12 Key value format for package options (HO)
)
\@linkdim=\dimen125
\Hy@linkcounter=\count116
\Hy@pagecounter=\count117

(/usr/share/texmf-dist/tex/latex/hyperref/pd1enc.def
File: pd1enc.def 2016/06/24 v6.83q Hyperref: PDFDocEncoding definition (HO)
)
\Hy@SavedSpaceFactor=\count118

(/usr/share/texmf-dist/tex/latex/latexconfig/hyperref.cfg
File: hyperref.cfg 2002/06/06 v1.2 hyperref configuration of TeXLive
)
Package hyperref Info: Hyper figures OFF on input line 4486.
Package hyperref Info: Link nesting OFF on input line 4491.
Package hyperref Info: Hyper index ON on input line 4494.
Package hyperref Info: Plain pages OFF on input line 4501.
Package hyperref Info: Backreferencing OFF on input line 4506.
Package hyperref Info: Implicit mode ON; LaTeX internals redefined.
Package hyperref Info: Bookmarks ON on input line 4735.
\c@Hy@tempcnt=\count119

(/usr/share/texmf-dist/tex/latex/url/url.sty
\Urlmuskip=\muskip10
Package: url 2013/09/16  ver 3.4  Verb mode for urls, etc.
)
LaTeX Info: Redefining \url on input line 5088.
\XeTeXLinkMargin=\dimen126
\Fld@menulength=\count120
\Field@Width=\dimen127
\Fld@charsize=\dimen128
Package hyperref Info: Hyper figures OFF on input line 6342.
Package hyperref Info: Link nesting OFF on input line 6347.
Package hyperref Info: Hyper index ON on input line 6350.
Package hyperref Info: backreferencing OFF on input line 6357.
Package hyperref Info: Link coloring OFF on input line 6362.
Package hyperref Info: Link coloring with OCG OFF on input line 6367.
Package hyperref Info: PDF/A mode OFF on input line 6372.
LaTeX Info: Redefining \ref on input line 6412.
LaTeX Info: Redefining \pageref on input line 6416.
\Hy@abspage=\count121
\c@Item=\count122
\c@Hfootnote=\count123
)

Package hyperref Message: Driver (autodetected): hpdftex.

(/usr/share/texmf-dist/tex/latex/hyperref/hpdftex.def
File: hpdftex.def 2016/06/24 v6.83q Hyperref driver for pdfTeX
\Fld@listcount=\count124
\c@bookmark@seq@number=\count125

(/usr/share/texmf-dist/tex/latex/oberdiek/rerunfilecheck.sty
Package: rerunfilecheck 2016/05/16 v1.8 Rerun checks for auxiliary files (HO)
Package uniquecounter Info: New unique counter `rerunfilecheck' on input line 2
82.
)
\Hy@SectionHShift=\skip45
)
(/usr/share/texmf-dist/tex/latex/amsmath/amsmath.sty
Package: amsmath 2016/06/28 v2.15d AMS math features
\@mathmargin=\skip46

For additional information on amsmath, use the `?' option.
(/usr/share/texmf-dist/tex/latex/amsmath/amstext.sty
Package: amstext 2000/06/29 v2.01 AMS text

(/usr/share/texmf-dist/tex/latex/amsmath/amsgen.sty
File: amsgen.sty 1999/11/30 v2.0 generic functions
\@emptytoks=\toks19
\ex@=\dimen129
))
(/usr/share/texmf-dist/tex/latex/amsmath/amsbsy.sty
Package: amsbsy 1999/11/29 v1.2d Bold Symbols
\pmbraise@=\dimen130
)
(/usr/share/texmf-dist/tex/latex/amsmath/amsopn.sty
Package: amsopn 2016/03/08 v2.02 operator names
)
\inf@bad=\count126
LaTeX Info: Redefining \frac on input line 199.
\uproot@=\count127
\leftroot@=\count128
LaTeX Info: Redefining \overline on input line 297.
\classnum@=\count129
\DOTSCASE@=\count130
LaTeX Info: Redefining \ldots on input line 394.
LaTeX Info: Redefining \dots on input line 397.
LaTeX Info: Redefining \cdots on input line 518.
\Mathstrutbox@=\box54
\strutbox@=\box55
\big@size=\dimen131
LaTeX Font Info:    Redeclaring font encoding OML on input line 634.
LaTeX Font Info:    Redeclaring font encoding OMS on input line 635.


Package amsmath Warning: Unable to redefine math accent \vec.

\macc@depth=\count131
\c@MaxMatrixCols=\count132
\dotsspace@=\muskip11
\c@parentequation=\count133
\dspbrk@lvl=\count134
\tag@help=\toks20
\row@=\count135
\column@=\count136
\maxfields@=\count137
\andhelp@=\toks21
\eqnshift@=\dimen132
\alignsep@=\dimen133
\tagshift@=\dimen134
\tagwidth@=\dimen135
\totwidth@=\dimen136
\lineht@=\dimen137
\@envbody=\toks22
\multlinegap=\skip47
\multlinetaggap=\skip48
\mathdisplay@stack=\toks23
LaTeX Info: Redefining \[ on input line 2739.
LaTeX Info: Redefining \] on input line 2740.
) (/usr/share/texmf-dist/tex/latex/amsfonts/amsfonts.sty
Package: amsfonts 2013/01/14 v3.01 Basic AMSFonts support
\symAMSa=\mathgroup4
\symAMSb=\mathgroup5
LaTeX Font Info:    Overwriting math alphabet `\mathfrak' in version `bold'
(Font)                  U/euf/m/n --> U/euf/b/n on input line 106.
)
(/usr/share/texmf-dist/tex/latex/amsfonts/amssymb.sty
Package: amssymb 2013/01/14 v3.01 AMS font symbols
)
(/usr/share/texmf-dist/tex/latex/doublestroke/dsfont.sty
Package: dsfont 1995/08/01 v0.1 Double stroke roman fonts
)
(/usr/share/texmf-dist/tex/latex/graphics/graphicx.sty
Package: graphicx 2014/10/28 v1.0g Enhanced LaTeX Graphics (DPC,SPQR)

(/usr/share/texmf-dist/tex/latex/graphics/graphics.sty
Package: graphics 2016/07/10 v1.0t Standard LaTeX Graphics (DPC,SPQR)

(/usr/share/texmf-dist/tex/latex/graphics/trig.sty
Package: trig 2016/01/03 v1.10 sin cos tan (DPC)
)
(/usr/share/texmf-dist/tex/latex/graphics-cfg/graphics.cfg
File: graphics.cfg 2016/06/04 v1.11 sample graphics configuration
)
Package graphics Info: Driver file: pdftex.def on input line 99.

(/usr/share/texmf-dist/tex/latex/graphics-def/pdftex.def
File: pdftex.def 2016/07/10 v0.06j Graphics/color for pdfTeX
\Gread@gobject=\count138
))
\Gin@req@height=\dimen138
\Gin@req@width=\dimen139
)
(/usr/share/texmf-dist/tex/latex/subfigure/subfigure.sty
Package: subfigure 2002/03/15 v2.1.5 subfigure package
\subfigtopskip=\skip49
\subfigcapskip=\skip50
\subfigcaptopadj=\dimen140
\subfigbottomskip=\skip51
\subfigcapmargin=\dimen141
\subfiglabelskip=\skip52
\c@subfigure=\count139
\c@lofdepth=\count140
\c@subtable=\count141
\c@lotdepth=\count142

****************************************
* Local config file subfigure.cfg used *
****************************************
(/usr/share/texmf-dist/tex/latex/subfigure/subfigure.cfg)
\subfig@top=\skip53
\subfig@bottom=\skip54
)
(/usr/share/texmf-dist/tex/latex/oberdiek/epstopdf.sty
Package: epstopdf 2016/05/15 v2.6 Conversion with epstopdf on the fly (HO)

(/usr/share/texmf-dist/tex/latex/oberdiek/epstopdf-base.sty
Package: epstopdf-base 2016/05/15 v2.6 Base part for package epstopdf

(/usr/share/texmf-dist/tex/latex/oberdiek/grfext.sty
Package: grfext 2016/05/16 v1.2 Manage graphics extensions (HO)
)
Package epstopdf-base Info: Redefining graphics rule for `.eps' on input line 4
38.
Package grfext Info: Graphics extension search list:
(grfext)             [.png,.pdf,.jpg,.mps,.jpeg,.jbig2,.jb2,.PNG,.PDF,.JPG,.JPE
G,.JBIG2,.JB2,.eps]
(grfext)             \AppendGraphicsExtensions on input line 456.

(/usr/share/texmf-dist/tex/latex/latexconfig/epstopdf-sys.cfg
File: epstopdf-sys.cfg 2010/07/13 v1.3 Configuration of (r)epstopdf for TeX Liv
e
)))
(/usr/share/texmf-dist/tex/latex/algorithms/algorithm.sty
Package: algorithm 2009/08/24 v0.1 Document Style `algorithm' - floating enviro
nment

(/usr/share/texmf-dist/tex/latex/float/float.sty
Package: float 2001/11/08 v1.3d Float enhancements (AL)
\c@float@type=\count143
\float@exts=\toks24
\float@box=\box56
\@float@everytoks=\toks25
\@floatcapt=\box57
)
(/usr/share/texmf-dist/tex/latex/base/ifthen.sty
Package: ifthen 2014/09/29 v1.1c Standard LaTeX ifthen package (DPC)
)
\@float@every@algorithm=\toks26
\c@algorithm=\count144
)
(/usr/share/texmf-dist/tex/latex/algorithms/algorithmic.sty
Package: algorithmic 2009/08/24 v0.1 Document Style `algorithmic'
\c@ALC@unique=\count145
\c@ALC@line=\count146
\c@ALC@rem=\count147
\c@ALC@depth=\count148
\ALC@tlm=\skip55
\algorithmicindent=\skip56
)
\c@observation=\count149
 (./typeinst.aux

LaTeX Warning: Label `fig:image_ICA_res_1' multiply defined.


LaTeX Warning: Label `sub@fig:image_ICA_res_1' multiply defined.

)
\openout1 = `typeinst.aux'.

LaTeX Font Info:    Checking defaults for OML/cmm/m/it on input line 93.
LaTeX Font Info:    ... okay on input line 93.
LaTeX Font Info:    Checking defaults for T1/cmr/m/n on input line 93.
LaTeX Font Info:    ... okay on input line 93.
LaTeX Font Info:    Checking defaults for OT1/cmr/m/n on input line 93.
LaTeX Font Info:    ... okay on input line 93.
LaTeX Font Info:    Checking defaults for OMS/cmsy/m/n on input line 93.
LaTeX Font Info:    ... okay on input line 93.
LaTeX Font Info:    Checking defaults for OMX/cmex/m/n on input line 93.
LaTeX Font Info:    ... okay on input line 93.
LaTeX Font Info:    Checking defaults for U/cmr/m/n on input line 93.
LaTeX Font Info:    ... okay on input line 93.
LaTeX Font Info:    Checking defaults for PD1/pdf/m/n on input line 93.
LaTeX Font Info:    ... okay on input line 93.
\AtBeginShipoutBox=\box58
Package hyperref Info: Link coloring OFF on input line 93.
 (/usr/share/texmf-dist/tex/latex/hyperref/nameref.sty
Package: nameref 2016/05/21 v2.44 Cross-referencing by name of section

(/usr/share/texmf-dist/tex/generic/oberdiek/gettitlestring.sty
Package: gettitlestring 2016/05/16 v1.5 Cleanup title references (HO)
)
\c@section@level=\count150
)
LaTeX Info: Redefining \ref on input line 93.
LaTeX Info: Redefining \pageref on input line 93.
LaTeX Info: Redefining \nameref on input line 93.

(./typeinst.out) (./typeinst.out)
\@outlinefile=\write3
\openout3 = `typeinst.out'.


(/usr/share/texmf-dist/tex/context/base/mkii/supp-pdf.mkii
[Loading MPS to PDF converter (version 2006.09.02).]
\scratchcounter=\count151
\scratchdimen=\dimen142
\scratchbox=\box59
\nofMPsegments=\count152
\nofMParguments=\count153
\everyMPshowfont=\toks27
\MPscratchCnt=\count154
\MPscratchDim=\dimen143
\MPnumerator=\count155
\makeMPintoPDFobject=\count156
\everyMPtoPDFconversion=\toks28
)
LaTeX Font Info:    Try loading font information for U+msa on input line 148.
 (/usr/share/texmf-dist/tex/latex/amsfonts/umsa.fd
File: umsa.fd 2013/01/14 v3.01 AMS symbols A
)
LaTeX Font Info:    Try loading font information for U+msb on input line 148.

(/usr/share/texmf-dist/tex/latex/amsfonts/umsb.fd
File: umsb.fd 2013/01/14 v3.01 AMS symbols B
) (./introduction.tex [1


{/var/lib/texmf/fonts/map/pdftex/updmap/pdftex.map}]
<2/2_6_or_1.png, id=80, 482.80376pt x 322.20375pt>
File: 2/2_6_or_1.png Graphic file (type png)
 <use 2/2_6_or_1.png>
Package pdftex.def Info: 2/2_6_or_1.png used on input line 37.
(pdftex.def)             Requested size: 101.17755pt x 67.5222pt.

<2/2_6_or_2.png, id=81, 482.80376pt x 322.20375pt>
File: 2/2_6_or_2.png Graphic file (type png)
 <use 2/2_6_or_2.png>
Package pdftex.def Info: 2/2_6_or_2.png used on input line 37.
(pdftex.def)             Requested size: 101.17755pt x 67.5222pt.

<2/2_6_or_3.jpg, id=82, 482.80376pt x 322.20375pt>
File: 2/2_6_or_3.jpg Graphic file (type jpg)
 <use 2/2_6_or_3.jpg>
Package pdftex.def Info: 2/2_6_or_3.jpg used on input line 37.
(pdftex.def)             Requested size: 101.17755pt x 67.5222pt.

<2/2_6_ICA_FEW_II_2.jpg, id=83, 482.80376pt x 322.20375pt>
File: 2/2_6_ICA_FEW_II_2.jpg Graphic file (type jpg)

<use 2/2_6_ICA_FEW_II_2.jpg>
Package pdftex.def Info: 2/2_6_ICA_FEW_II_2.jpg used on input line 47.
(pdftex.def)             Requested size: 72.26999pt x 48.23015pt.

<2/2_6_ICA11_2.jpg, id=84, 482.80376pt x 322.20375pt>
File: 2/2_6_ICA11_2.jpg Graphic file (type jpg)
 <use 2/2_6_ICA11_2.jpg>
Package pdftex.def Info: 2/2_6_ICA11_2.jpg used on input line 50.
(pdftex.def)             Requested size: 72.26999pt x 48.23015pt.

<2/2_6_ICA5_2.jpg, id=85, 482.80376pt x 322.20375pt>
File: 2/2_6_ICA5_2.jpg Graphic file (type jpg)
 <use 2/2_6_ICA5_2.jpg>
Package pdftex.def Info: 2/2_6_ICA5_2.jpg used on input line 53.
(pdftex.def)             Requested size: 72.26999pt x 48.23015pt.

<2/2_6_ICA8_1.jpg, id=86, 482.80376pt x 322.20375pt>
File: 2/2_6_ICA8_1.jpg Graphic file (type jpg)
 <use 2/2_6_ICA8_1.jpg>
Package pdftex.def Info: 2/2_6_ICA8_1.jpg used on input line 56.
(pdftex.def)             Requested size: 72.26999pt x 48.23015pt.

<2/2_6_ICA_FEW_II_1.jpg, id=87, 482.80376pt x 322.20375pt>
File: 2/2_6_ICA_FEW_II_1.jpg Graphic file (type jpg)

<use 2/2_6_ICA_FEW_II_1.jpg>
Package pdftex.def Info: 2/2_6_ICA_FEW_II_1.jpg used on input line 61.
(pdftex.def)             Requested size: 72.26999pt x 48.23015pt.

<2/2_6_ICA11_1.jpg, id=88, 482.80376pt x 322.20375pt>
File: 2/2_6_ICA11_1.jpg Graphic file (type jpg)
 <use 2/2_6_ICA11_1.jpg>
Package pdftex.def Info: 2/2_6_ICA11_1.jpg used on input line 64.
(pdftex.def)             Requested size: 72.26999pt x 48.23015pt.

<2/2_6_ICA5_1.jpg, id=89, 482.80376pt x 322.20375pt>
File: 2/2_6_ICA5_1.jpg Graphic file (type jpg)
 <use 2/2_6_ICA5_1.jpg>
Package pdftex.def Info: 2/2_6_ICA5_1.jpg used on input line 67.
(pdftex.def)             Requested size: 72.26999pt x 48.23015pt.

<2/2_6_ICA8_2.jpg, id=90, 482.80376pt x 322.20375pt>
File: 2/2_6_ICA8_2.jpg Graphic file (type jpg)
 <use 2/2_6_ICA8_2.jpg>
Package pdftex.def Info: 2/2_6_ICA8_2.jpg used on input line 70.
(pdftex.def)             Requested size: 72.26999pt x 48.23015pt.

Underfull \vbox (badness 5105) has occurred while \output is active []

 [2])
(./related_works.tex [3pdfTeX warning (ext4): destination with the same identif
ier (name{figure.1.1}) has been already used, duplicate ignored

\AtBegShi@Output ...ipout \box \AtBeginShipoutBox 
                                                  \fi \fi 
l.15 
      <./2/2_6_or_1.png (PNG copy)> <./2/2_6_or_2.png (PNG copy)> <./2/2_6_or_3
.jpg> <./2/2_6_ICA_FEW_II_2.jpg> <./2/2_6_ICA11_2.jpg> <./2/2_6_ICA5_2.jpg> <./
2/2_6_ICA8_1.jpg> <./2/2_6_ICA_FEW_II_1.jpg> <./2/2_6_ICA11_1.jpg> <./2/2_6_ICA
5_1.jpg> <./2/2_6_ICA8_2.jpg>]) (./section_3.tex

Package hyperref Warning: Token not allowed in a PDF string (PDFDocEncoding):
(hyperref)                removing `math shift' on input line 2.


Package hyperref Warning: Token not allowed in a PDF string (PDFDocEncoding):
(hyperref)                removing `subscript' on input line 2.


Package hyperref Warning: Token not allowed in a PDF string (PDFDocEncoding):
(hyperref)                \kern -1.66702pt
(hyperref)                removed on input line 2.


Package hyperref Warning: Token not allowed in a PDF string (PDFDocEncoding):
(hyperref)                removing `math shift' on input line 2.

[4] [5]
Overfull \hbox (2.39407pt too wide) detected at line 122
[]
 []

[6]
Overfull \hbox (11.66168pt too wide) detected at line 168
[]
 []

[7]
Overfull \hbox (6.28595pt too wide) detected at line 267
[]
 []

[8]) (./experiments.tex
<ranking/images_boxplot-r1.pdf, id=224, 508.05746pt x 457.19588pt>
File: ranking/images_boxplot-r1.pdf Graphic file (type pdf)

<use ranking/images_boxplot-r1.pdf>
Package pdftex.def Info: ranking/images_boxplot-r1.pdf used on input line 12.
(pdftex.def)             Requested size: 158.99377pt x 143.07567pt.

<ranking/images_boxplot-r2.pdf, id=225, 508.05746pt x 457.19588pt>
File: ranking/images_boxplot-r2.pdf Graphic file (type pdf)

<use ranking/images_boxplot-r2.pdf>
Package pdftex.def Info: ranking/images_boxplot-r2.pdf used on input line 15.
(pdftex.def)             Requested size: 158.99377pt x 143.07567pt.

<ranking/images_boxplot-r3.pdf, id=226, 733.37766pt x 481.66154pt>
File: ranking/images_boxplot-r3.pdf Graphic file (type pdf)

<use ranking/images_boxplot-r3.pdf>
Package pdftex.def Info: ranking/images_boxplot-r3.pdf used on input line 26.
(pdftex.def)             Requested size: 289.07999pt x 189.85367pt.

<3/2_6_or_1.jpg, id=245, 482.80376pt x 322.20375pt>
File: 3/2_6_or_1.jpg Graphic file (type jpg)
 <use 3/2_6_or_1.jpg>
Package pdftex.def Info: 3/2_6_or_1.jpg used on input line 56.
(pdftex.def)             Requested size: 101.17755pt x 67.5222pt.

<3/2_6_or_2.jpg, id=246, 482.80376pt x 322.20375pt>
File: 3/2_6_or_2.jpg Graphic file (type jpg)
 <use 3/2_6_or_2.jpg>
Package pdftex.def Info: 3/2_6_or_2.jpg used on input line 56.
(pdftex.def)             Requested size: 101.17755pt x 67.5222pt.

<3/2_6_or_3.jpg, id=247, 482.80376pt x 322.20375pt>
File: 3/2_6_or_3.jpg Graphic file (type jpg)
 <use 3/2_6_or_3.jpg>
Package pdftex.def Info: 3/2_6_or_3.jpg used on input line 56.
(pdftex.def)             Requested size: 101.17755pt x 67.5222pt.

<3/2_6_div_1_r.png, id=248, 482.80376pt x 322.20375pt>
File: 3/2_6_div_1_r.png Graphic file (type png)
 <use 3/2_6_div_1_r.png>
Package pdftex.def Info: 3/2_6_div_1_r.png used on input line 66.
(pdftex.def)             Requested size: 101.17755pt x 67.5222pt.

<3/2_6_div_2_r.png, id=249, 482.80376pt x 322.20375pt>
File: 3/2_6_div_2_r.png Graphic file (type png)
 <use 3/2_6_div_2_r.png>
Package pdftex.def Info: 3/2_6_div_2_r.png used on input line 66.
(pdftex.def)             Requested size: 101.17755pt x 67.5222pt.

<3/2_6_div_3_r.png, id=250, 482.80376pt x 322.20375pt>
File: 3/2_6_div_3_r.png Graphic file (type png)
 <use 3/2_6_div_3_r.png>
Package pdftex.def Info: 3/2_6_div_3_r.png used on input line 66.
(pdftex.def)             Requested size: 101.17755pt x 67.5222pt.

<3/2_6_SGD_2.jpg, id=251, 482.80376pt x 322.20375pt>
File: 3/2_6_SGD_2.jpg Graphic file (type jpg)
 <use 3/2_6_SGD_2.jpg>
Package pdftex.def Info: 3/2_6_SGD_2.jpg used on input line 77.
(pdftex.def)             Requested size: 72.26999pt x 48.23015pt.

<3/2_6_ICA11_2.jpg, id=252, 482.80376pt x 322.20375pt>
File: 3/2_6_ICA11_2.jpg Graphic file (type jpg)
 <use 3/2_6_ICA11_2.jpg>
Package pdftex.def Info: 3/2_6_ICA11_2.jpg used on input line 80.
(pdftex.def)             Requested size: 72.26999pt x 48.23015pt.

<3/2_6_ICA5_2.jpg, id=253, 482.80376pt x 322.20375pt>
File: 3/2_6_ICA5_2.jpg Graphic file (type jpg)
 <use 3/2_6_ICA5_2.jpg>
Package pdftex.def Info: 3/2_6_ICA5_2.jpg used on input line 83.
(pdftex.def)             Requested size: 72.26999pt x 48.23015pt.

<3/2_6_ICA8_1.jpg, id=254, 482.80376pt x 322.20375pt>
File: 3/2_6_ICA8_1.jpg Graphic file (type jpg)
 <use 3/2_6_ICA8_1.jpg>
Package pdftex.def Info: 3/2_6_ICA8_1.jpg used on input line 86.
(pdftex.def)             Requested size: 72.26999pt x 48.23015pt.

<3/2_6_SGD_1.jpg, id=255, 482.80376pt x 322.20375pt>
File: 3/2_6_SGD_1.jpg Graphic file (type jpg)
 <use 3/2_6_SGD_1.jpg>
Package pdftex.def Info: 3/2_6_SGD_1.jpg used on input line 91.
(pdftex.def)             Requested size: 72.26999pt x 48.23015pt.

<3/2_6_ICA11_1.jpg, id=256, 482.80376pt x 322.20375pt>
File: 3/2_6_ICA11_1.jpg Graphic file (type jpg)
 <use 3/2_6_ICA11_1.jpg>
Package pdftex.def Info: 3/2_6_ICA11_1.jpg used on input line 94.
(pdftex.def)             Requested size: 72.26999pt x 48.23015pt.

<3/2_6_ICA5_1.jpg, id=257, 482.80376pt x 322.20375pt>
File: 3/2_6_ICA5_1.jpg Graphic file (type jpg)
 <use 3/2_6_ICA5_1.jpg>
Package pdftex.def Info: 3/2_6_ICA5_1.jpg used on input line 97.
(pdftex.def)             Requested size: 72.26999pt x 48.23015pt.

<3/2_6_ICA8_2.jpg, id=258, 482.80376pt x 322.20375pt>
File: 3/2_6_ICA8_2.jpg Graphic file (type jpg)
 <use 3/2_6_ICA8_2.jpg>
Package pdftex.def Info: 3/2_6_ICA8_2.jpg used on input line 100.
(pdftex.def)             Requested size: 72.26999pt x 48.23015pt.

[9pdfTeX warning (ext4): destination with the same identifier (name{figure.1.2}
) has been already used, duplicate ignored

\AtBegShi@Output ...ipout \box \AtBeginShipoutBox 
                                                  \fi \fi 
l.110 
       <./ranking/images_boxplot-r1.pdf> <./ranking/images_boxplot-r2.pdf

pdfTeX warning: pdflatex (file ./ranking/images_boxplot-r2.pdf): PDF inclusion:
 multiple pdfs with page group included in a single page
>] [10pdfTeX warning (ext4): destination with the same identifier (name{figure.
1.3}) has been already used, duplicate ignored

\AtBegShi@Output ...ipout \box \AtBeginShipoutBox 
                                                  \fi \fi 
l.144 
      pdfTeX warning (ext4): destination with the same identifier (name{table.1
.1}) has been already used, duplicate ignored

\AtBegShi@Output ...ipout \box \AtBeginShipoutBox 
                                                  \fi \fi 
l.144 
       <./ranking/images_boxplot-r3.pdf>] [11pdfTeX warning (ext4): destination
 with the same identifier (name{figure.1.4}) has been already used, duplicate i
gnored

\AtBegShi@Output ...ipout \box \AtBeginShipoutBox 
                                                  \fi \fi 
l.148 T
       he rescaling of images give sensational \textbf{lepiej vastly zamiast...
 <./3/2_6_or_1.jpg> <./3/2_6_or_2.jpg> <./3/2_6_or_3.jpg> <./3/2_6_div_1_r.png 
(PNG copy)> <./3/2_6_div_2_r.png (PNG copy)> <./3/2_6_div_3_r.png (PNG copy)> <
./3/2_6_SGD_2.jpg> <./3/2_6_ICA11_2.jpg> <./3/2_6_ICA5_2.jpg> <./3/2_6_ICA8_1.j
pg> <./3/2_6_SGD_1.jpg> <./3/2_6_ICA11_1.jpg> <./3/2_6_ICA5_1.jpg> <./3/2_6_ICA
8_2.jpg>] <spec/O_1.png, id=479, 481.8pt x 481.8pt>
File: spec/O_1.png Graphic file (type png)
 <use spec/O_1.png>
Package pdftex.def Info: spec/O_1.png used on input line 169.
(pdftex.def)             Requested size: 72.26999pt x 72.26688pt.

<spec/O_2.png, id=480, 481.8pt x 481.8pt>
File: spec/O_2.png Graphic file (type png)
 <use spec/O_2.png>
Package pdftex.def Info: spec/O_2.png used on input line 169.
(pdftex.def)             Requested size: 72.26999pt x 72.26688pt.

<spec/O_3.png, id=481, 481.8pt x 481.8pt>
File: spec/O_3.png Graphic file (type png)
 <use spec/O_3.png>
Package pdftex.def Info: spec/O_3.png used on input line 169.
(pdftex.def)             Requested size: 72.26999pt x 72.26688pt.

<spec/O_4.png, id=482, 481.8pt x 481.8pt>
File: spec/O_4.png Graphic file (type png)
 <use spec/O_4.png>
Package pdftex.def Info: spec/O_4.png used on input line 169.
(pdftex.def)             Requested size: 72.26999pt x 72.26688pt.

<spec/SG_1.png, id=483, 481.8pt x 481.8pt>
File: spec/SG_1.png Graphic file (type png)
 <use spec/SG_1.png>
Package pdftex.def Info: spec/SG_1.png used on input line 177.
(pdftex.def)             Requested size: 72.26999pt x 72.26688pt.

<spec/SG_2.png, id=484, 481.8pt x 481.8pt>
File: spec/SG_2.png Graphic file (type png)
 <use spec/SG_2.png>
Package pdftex.def Info: spec/SG_2.png used on input line 177.
(pdftex.def)             Requested size: 72.26999pt x 72.26688pt.

<spec/SG_3.png, id=485, 481.8pt x 481.8pt>
File: spec/SG_3.png Graphic file (type png)
 <use spec/SG_3.png>
Package pdftex.def Info: spec/SG_3.png used on input line 177.
(pdftex.def)             Requested size: 72.26999pt x 72.26688pt.

<spec/SG_4.png, id=486, 481.8pt x 481.8pt>
File: spec/SG_4.png Graphic file (type png)
 <use spec/SG_4.png>
Package pdftex.def Info: spec/SG_4.png used on input line 177.
(pdftex.def)             Requested size: 72.26999pt x 72.26688pt.

<spec/ICA11_3.png, id=487, 481.8pt x 481.8pt>
File: spec/ICA11_3.png Graphic file (type png)
 <use spec/ICA11_3.png>
Package pdftex.def Info: spec/ICA11_3.png used on input line 185.
(pdftex.def)             Requested size: 72.26999pt x 72.26688pt.

<spec/ICA11_2.png, id=488, 481.8pt x 481.8pt>
File: spec/ICA11_2.png Graphic file (type png)
 <use spec/ICA11_2.png>
Package pdftex.def Info: spec/ICA11_2.png used on input line 185.
(pdftex.def)             Requested size: 72.26999pt x 72.26688pt.

<spec/ICA11_1.png, id=489, 481.8pt x 481.8pt>
File: spec/ICA11_1.png Graphic file (type png)
 <use spec/ICA11_1.png>
Package pdftex.def Info: spec/ICA11_1.png used on input line 185.
(pdftex.def)             Requested size: 72.26999pt x 72.26688pt.

<spec/ICA11_4.png, id=490, 481.8pt x 481.8pt>
File: spec/ICA11_4.png Graphic file (type png)
 <use spec/ICA11_4.png>
Package pdftex.def Info: spec/ICA11_4.png used on input line 185.
(pdftex.def)             Requested size: 72.26999pt x 72.26688pt.

<spec/ICA5_1.png, id=491, 481.8pt x 481.8pt>
File: spec/ICA5_1.png Graphic file (type png)
 <use spec/ICA5_1.png>
Package pdftex.def Info: spec/ICA5_1.png used on input line 201.
(pdftex.def)             Requested size: 72.26999pt x 72.26688pt.

<spec/ICA5_4.png, id=492, 481.8pt x 481.8pt>
File: spec/ICA5_4.png Graphic file (type png)
 <use spec/ICA5_4.png>
Package pdftex.def Info: spec/ICA5_4.png used on input line 201.
(pdftex.def)             Requested size: 72.26999pt x 72.26688pt.

<spec/ICA5_3.png, id=493, 481.8pt x 481.8pt>
File: spec/ICA5_3.png Graphic file (type png)
 <use spec/ICA5_3.png>
Package pdftex.def Info: spec/ICA5_3.png used on input line 201.
(pdftex.def)             Requested size: 72.26999pt x 72.26688pt.

<spec/ICA5_2.png, id=494, 481.8pt x 481.8pt>
File: spec/ICA5_2.png Graphic file (type png)
 <use spec/ICA5_2.png>
Package pdftex.def Info: spec/ICA5_2.png used on input line 201.
(pdftex.def)             Requested size: 72.26999pt x 72.26688pt.

<spec/ICA8_1.png, id=495, 481.8pt x 481.8pt>
File: spec/ICA8_1.png Graphic file (type png)
 <use spec/ICA8_1.png>
Package pdftex.def Info: spec/ICA8_1.png used on input line 209.
(pdftex.def)             Requested size: 72.26999pt x 72.26688pt.

<spec/ICA8_2.png, id=496, 481.8pt x 481.8pt>
File: spec/ICA8_2.png Graphic file (type png)
 <use spec/ICA8_2.png>
Package pdftex.def Info: spec/ICA8_2.png used on input line 209.
(pdftex.def)             Requested size: 72.26999pt x 72.26688pt.

<spec/ICA8_3.png, id=497, 481.8pt x 481.8pt>
File: spec/ICA8_3.png Graphic file (type png)
 <use spec/ICA8_3.png>
Package pdftex.def Info: spec/ICA8_3.png used on input line 209.
(pdftex.def)             Requested size: 72.26999pt x 72.26688pt.

<spec/ICA8_4.png, id=498, 481.8pt x 481.8pt>
File: spec/ICA8_4.png Graphic file (type png)
 <use spec/ICA8_4.png>
Package pdftex.def Info: spec/ICA8_4.png used on input line 209.
(pdftex.def)             Requested size: 72.26999pt x 72.26688pt.
)
(./appendix_a.tex
LaTeX Font Info:    Try loading font information for U+dsrom on input line 19.
 (/usr/share/texmf-dist/tex/latex/doublestroke/Udsrom.fd
File: Udsrom.fd 1995/08/01 v0.1 Double stroke roman font definitions
)
Overfull \hbox (9.96555pt too wide) detected at line 23
[]
 []

[12]

LaTeX Warning: Text page 13 contains only floats.


Overfull \vbox (0.7083pt too high) has occurred while \output is active []


[13pdfTeX warning (ext4): destination with the same identifier (name{figure.1.5
}) has been already used, duplicate ignored

\AtBegShi@Output ...ipout \box \AtBeginShipoutBox 
                                                  \fi \fi 
l.23 $$
        <./spec/O_1.png> <./spec/O_2.png> <./spec/O_3.png> <./spec/O_4.png> <./
spec/SG_1.png> <./spec/SG_2.png> <./spec/SG_3.png> <./spec/SG_4.png> <./spec/IC
A11_3.png> <./spec/ICA11_2.png> <./spec/ICA11_1.png> <./spec/ICA11_4.png> <./sp
ec/ICA5_1.png> <./spec/ICA5_4.png> <./spec/ICA5_3.png> <./spec/ICA5_2.png> <./s
pec/ICA8_1.png> <./spec/ICA8_2.png> <./spec/ICA8_3.png> <./spec/ICA8_4.png>]
Overfull \hbox (41.76958pt too wide) detected at line 84
[]
 []

) (./appendix_b.tex [14]
Overfull \hbox (5.78616pt too wide) detected at line 38
[]
 []

[15]
Overfull \hbox (3.40643pt too wide) detected at line 124
[]
 []


Overfull \hbox (4.21846pt too wide) detected at line 139
[]
 []

) (./typeinst.bbl [16] [17]
Missing character: There is no â in font cmti9!
Missing character: There is no € in font cmti9!
Missing character: There is no ” in font cmti9!
)
Package atveryend Info: Empty hook `BeforeClearDocument' on input line 283.
 [18]
Package atveryend Info: Empty hook `AfterLastShipout' on input line 283.
 (./typeinst.aux)
Package atveryend Info: Executing hook `AtVeryEndDocument' on input line 283.
Package atveryend Info: Executing hook `AtEndAfterFileList' on input line 283.
Package rerunfilecheck Info: File `typeinst.out' has not changed.
(rerunfilecheck)             Checksum: 08523B61B5DAF7F5B836641515E83DE8;737.


LaTeX Warning: There were multiply-defined labels.

Package atveryend Info: Empty hook `AtVeryVeryEnd' on input line 283.
 ) 
Here is how much of TeX's memory you used:
 7348 strings out of 493013
 104592 string characters out of 6139317
 207535 words of memory out of 5000000
 10603 multiletter control sequences out of 15000+600000
 17283 words of font info for 67 fonts, out of 8000000 for 9000
 1141 hyphenation exceptions out of 8191
 30i,14n,31p,949b,461s stack positions out of 5000i,500n,10000p,200000b,80000s
</usr/share/texmf-dist/fonts/type1/public/amsfonts/cmextra/cmbsy8.pfb></usr/s
hare/texmf-dist/fonts/type1/public/amsfonts/cm/cmbx10.pfb></usr/share/texmf-dis
t/fonts/type1/public/amsfonts/cm/cmbx12.pfb></usr/share/texmf-dist/fonts/type1/
public/amsfonts/cm/cmbx9.pfb></usr/share/texmf-dist/fonts/type1/public/amsfonts
/cm/cmbxti10.pfb></usr/share/texmf-dist/fonts/type1/public/amsfonts/cm/cmcsc10.
pfb></usr/share/texmf-dist/fonts/type1/public/amsfonts/cm/cmex10.pfb></usr/shar
e/texmf-dist/fonts/type1/public/amsfonts/cm/cmmi10.pfb></usr/share/texmf-dist/f
onts/type1/public/amsfonts/cm/cmmi5.pfb></usr/share/texmf-dist/fonts/type1/publ
ic/amsfonts/cm/cmmi7.pfb></usr/share/texmf-dist/fonts/type1/public/amsfonts/cm/
cmr10.pfb></usr/share/texmf-dist/fonts/type1/public/amsfonts/cm/cmr5.pfb></usr/
share/texmf-dist/fonts/type1/public/amsfonts/cm/cmr6.pfb></usr/share/texmf-dist
/fonts/type1/public/amsfonts/cm/cmr7.pfb></usr/share/texmf-dist/fonts/type1/pub
lic/amsfonts/cm/cmr9.pfb></usr/share/texmf-dist/fonts/type1/public/amsfonts/cm/
cmsy10.pfb></usr/share/texmf-dist/fonts/type1/public/amsfonts/cm/cmsy5.pfb></us
r/share/texmf-dist/fonts/type1/public/amsfonts/cm/cmsy6.pfb></usr/share/texmf-d
ist/fonts/type1/public/amsfonts/cm/cmsy7.pfb></usr/share/texmf-dist/fonts/type1
/public/amsfonts/cm/cmti10.pfb></usr/share/texmf-dist/fonts/type1/public/amsfon
ts/cm/cmti9.pfb></usr/share/texmf-dist/fonts/type1/public/amsfonts/cm/cmtt10.pf
b></usr/share/texmf-dist/fonts/type1/public/amsfonts/cm/cmtt9.pfb></usr/share/t
exmf-dist/fonts/type1/public/doublestroke/dsrom10.pfb></usr/share/texmf-dist/fo
nts/type1/public/amsfonts/symbols/msbm10.pfb>
Output written on typeinst.pdf (18 pages, 2651932 bytes).
PDF statistics:
 692 PDF objects out of 1000 (max. 8388607)
 383 compressed objects within 4 object streams
 116 named destinations out of 1000 (max. 500000)
 329 words of extra memory for PDF output out of 10000 (max. 10000000)

