This is pdfTeX, Version 3.1415926-2.5-1.40.14 (MiKTeX 2.9 64-bit) (preloaded format=pdflatex 2014.5.30)  15 MAR 2017 14:43
entering extended mode
**D:/Dropbox/ica-few/icml2017/ica_few.tex
(D:/Dropbox/ica-few/icml2017/ica_few.tex
LaTeX2e <2011/06/27>
Babel <v3.8m> and hyphenation patterns for english, afrikaans, ancientgreek, ar
abic, armenian, assamese, basque, bengali, bokmal, bulgarian, catalan, coptic, 
croatian, czech, danish, dutch, esperanto, estonian, farsi, finnish, french, ga
lician, german, german-x-2013-05-26, greek, gujarati, hindi, hungarian, iceland
ic, indonesian, interlingua, irish, italian, kannada, kurmanji, latin, latvian,
 lithuanian, malayalam, marathi, mongolian, mongolianlmc, monogreek, ngerman, n
german-x-2013-05-26, nynorsk, oriya, panjabi, pinyin, polish, portuguese, roman
ian, russian, sanskrit, serbian, slovak, slovenian, spanish, swedish, swissgerm
an, tamil, telugu, turkish, turkmen, ukenglish, ukrainian, uppersorbian, usengl
ishmax, welsh, loaded.
("C:\Program Files\MiKTeX 2.9\tex\latex\base\article.cls"
Document Class: article 2007/10/19 v1.4h Standard LaTeX document class
("C:\Program Files\MiKTeX 2.9\tex\latex\base\size10.clo"
File: size10.clo 2007/10/19 v1.4h Standard LaTeX file (size option)
)
\c@part=\count79
\c@section=\count80
\c@subsection=\count81
\c@subsubsection=\count82
\c@paragraph=\count83
\c@subparagraph=\count84
\c@figure=\count85
\c@table=\count86
\abovecaptionskip=\skip41
\belowcaptionskip=\skip42
\bibindent=\dimen102
)
("C:\Program Files\MiKTeX 2.9\tex\latex\amsmath\amsmath.sty"
Package: amsmath 2013/01/14 v2.14 AMS math features
\@mathmargin=\skip43

For additional information on amsmath, use the `?' option.
("C:\Program Files\MiKTeX 2.9\tex\latex\amsmath\amstext.sty"
Package: amstext 2000/06/29 v2.01

("C:\Program Files\MiKTeX 2.9\tex\latex\amsmath\amsgen.sty"
File: amsgen.sty 1999/11/30 v2.0
\@emptytoks=\toks14
\ex@=\dimen103
))
("C:\Program Files\MiKTeX 2.9\tex\latex\amsmath\amsbsy.sty"
Package: amsbsy 1999/11/29 v1.2d
\pmbraise@=\dimen104
)
("C:\Program Files\MiKTeX 2.9\tex\latex\amsmath\amsopn.sty"
Package: amsopn 1999/12/14 v2.01 operator names
)
\inf@bad=\count87
LaTeX Info: Redefining \frac on input line 210.
\uproot@=\count88
\leftroot@=\count89
LaTeX Info: Redefining \overline on input line 306.
\classnum@=\count90
\DOTSCASE@=\count91
LaTeX Info: Redefining \ldots on input line 378.
LaTeX Info: Redefining \dots on input line 381.
LaTeX Info: Redefining \cdots on input line 466.
\Mathstrutbox@=\box26
\strutbox@=\box27
\big@size=\dimen105
LaTeX Font Info:    Redeclaring font encoding OML on input line 566.
LaTeX Font Info:    Redeclaring font encoding OMS on input line 567.
\macc@depth=\count92
\c@MaxMatrixCols=\count93
\dotsspace@=\muskip10
\c@parentequation=\count94
\dspbrk@lvl=\count95
\tag@help=\toks15
\row@=\count96
\column@=\count97
\maxfields@=\count98
\andhelp@=\toks16
\eqnshift@=\dimen106
\alignsep@=\dimen107
\tagshift@=\dimen108
\tagwidth@=\dimen109
\totwidth@=\dimen110
\lineht@=\dimen111
\@envbody=\toks17
\multlinegap=\skip44
\multlinetaggap=\skip45
\mathdisplay@stack=\toks18
LaTeX Info: Redefining \[ on input line 2665.
LaTeX Info: Redefining \] on input line 2666.
)
("C:\Program Files\MiKTeX 2.9\tex\latex\amsfonts\amsfonts.sty"
Package: amsfonts 2013/01/14 v3.01 Basic AMSFonts support
\symAMSa=\mathgroup4
\symAMSb=\mathgroup5
LaTeX Font Info:    Overwriting math alphabet `\mathfrak' in version `bold'
(Font)                  U/euf/m/n --> U/euf/b/n on input line 106.
)
("C:\Program Files\MiKTeX 2.9\tex\latex\amsfonts\amssymb.sty"
Package: amssymb 2013/01/14 v3.01 AMS font symbols
)
("C:\Program Files\MiKTeX 2.9\tex\latex\amscls\amsthm.sty"
Package: amsthm 2004/08/06 v2.20
\thm@style=\toks19
\thm@bodyfont=\toks20
\thm@headfont=\toks21
\thm@notefont=\toks22
\thm@headpunct=\toks23
\thm@preskip=\skip46
\thm@postskip=\skip47
\thm@headsep=\skip48
\dth@everypar=\toks24
)
("C:\Program Files\MiKTeX 2.9\tex\latex\dstroke\dsfont.sty"
Package: dsfont 1995/08/01 v0.1 Double stroke roman fonts
)
("C:\Program Files\MiKTeX 2.9\tex\latex\psnfss\times.sty"
Package: times 2005/04/12 PSNFSS-v9.2a (SPQR) 
)
("C:\Program Files\MiKTeX 2.9\tex\latex\graphics\graphicx.sty"
Package: graphicx 1999/02/16 v1.0f Enhanced LaTeX Graphics (DPC,SPQR)

("C:\Program Files\MiKTeX 2.9\tex\latex\graphics\keyval.sty"
Package: keyval 1999/03/16 v1.13 key=value parser (DPC)
\KV@toks@=\toks25
)
("C:\Program Files\MiKTeX 2.9\tex\latex\graphics\graphics.sty"
Package: graphics 2009/02/05 v1.0o Standard LaTeX Graphics (DPC,SPQR)

("C:\Program Files\MiKTeX 2.9\tex\latex\graphics\trig.sty"
Package: trig 1999/03/16 v1.09 sin cos tan (DPC)
)
("C:\Program Files\MiKTeX 2.9\tex\latex\00miktex\graphics.cfg"
File: graphics.cfg 2007/01/18 v1.5 graphics configuration of teTeX/TeXLive
)
Package graphics Info: Driver file: pdftex.def on input line 91.

("C:\Program Files\MiKTeX 2.9\tex\latex\pdftex-def\pdftex.def"
File: pdftex.def 2011/05/27 v0.06d Graphics/color for pdfTeX

("C:\Program Files\MiKTeX 2.9\tex\generic\oberdiek\infwarerr.sty"
Package: infwarerr 2010/04/08 v1.3 Providing info/warning/error messages (HO)
)
("C:\Program Files\MiKTeX 2.9\tex\generic\oberdiek\ltxcmds.sty"
Package: ltxcmds 2011/11/09 v1.22 LaTeX kernel commands for general use (HO)
)
\Gread@gobject=\count99
))
\Gin@req@height=\dimen112
\Gin@req@width=\dimen113
)
("C:\Program Files\MiKTeX 2.9\tex\latex\subfigure\subfigure.sty"
Package: subfigure 2002/07/30 v2.1.4 subfigure package
\subfigtopskip=\skip49
\subfigcapskip=\skip50
\subfigcaptopadj=\dimen114
\subfigbottomskip=\skip51
\subfigcapmargin=\dimen115
\subfiglabelskip=\skip52
\c@subfigure=\count100
\c@lofdepth=\count101
\c@subtable=\count102
\c@lotdepth=\count103

****************************************
* Local config file subfigure.cfg used *
****************************************
("C:\Program Files\MiKTeX 2.9\tex\latex\subfigure\subfigure.cfg")
\subfig@top=\skip53
\subfig@bottom=\skip54
)
(D:\Dropbox\ica-few\icml2017\algorithm.sty
Package: algorithm 

Document Style `algorithm' - floating environment
("C:\Program Files\MiKTeX 2.9\tex\latex\float\float.sty"
Package: float 2001/11/08 v1.3d Float enhancements (AL)
\c@float@type=\count104
\float@exts=\toks26
\float@box=\box28
\@float@everytoks=\toks27
\@floatcapt=\box29
)
("C:\Program Files\MiKTeX 2.9\tex\latex\base\ifthen.sty"
Package: ifthen 2001/05/26 v1.1c Standard LaTeX ifthen package (DPC)
)
\@float@every@algorithm=\toks28
\c@algorithm=\count105
)
(D:\Dropbox\ica-few\icml2017\algorithmic.sty
Package: algorithmic 

Document Style `algorithmic' - environment
("C:\Program Files\MiKTeX 2.9\tex\latex\tools\calc.sty"
Package: calc 2007/08/22 v4.3 Infix arithmetic (KKT,FJ)
\calc@Acount=\count106
\calc@Bcount=\count107
\calc@Adimen=\dimen116
\calc@Bdimen=\dimen117
\calc@Askip=\skip55
\calc@Bskip=\skip56
LaTeX Info: Redefining \setlength on input line 76.
LaTeX Info: Redefining \addtolength on input line 77.
\calc@Ccount=\count108
\calc@Cskip=\skip57
)
\c@ALC@line=\count109
\c@ALC@rem=\count110
\ALC@tlm=\skip58
)
("C:\Program Files\MiKTeX 2.9\tex\latex\oberdiek\epstopdf.sty"
Package: epstopdf 2010/02/09 v2.5 Conversion with epstopdf on the fly (HO)

("C:\Program Files\MiKTeX 2.9\tex\latex\oberdiek\epstopdf-base.sty"
Package: epstopdf-base 2010/02/09 v2.5 Base part for package epstopdf

("C:\Program Files\MiKTeX 2.9\tex\latex\oberdiek\grfext.sty"
Package: grfext 2010/08/19 v1.1 Manage graphics extensions (HO)

("C:\Program Files\MiKTeX 2.9\tex\generic\oberdiek\kvdefinekeys.sty"
Package: kvdefinekeys 2011/04/07 v1.3 Define keys (HO)
))
("C:\Program Files\MiKTeX 2.9\tex\latex\oberdiek\kvoptions.sty"
Package: kvoptions 2011/06/30 v3.11 Key value format for package options (HO)

("C:\Program Files\MiKTeX 2.9\tex\generic\oberdiek\kvsetkeys.sty"
Package: kvsetkeys 2012/04/25 v1.16 Key value parser (HO)

("C:\Program Files\MiKTeX 2.9\tex\generic\oberdiek\etexcmds.sty"
Package: etexcmds 2011/02/16 v1.5 Avoid name clashes with e-TeX commands (HO)

("C:\Program Files\MiKTeX 2.9\tex\generic\oberdiek\ifluatex.sty"
Package: ifluatex 2010/03/01 v1.3 Provides the ifluatex switch (HO)
Package ifluatex Info: LuaTeX not detected.
)
Package etexcmds Info: Could not find \expanded.
(etexcmds)             That can mean that you are not using pdfTeX 1.50 or
(etexcmds)             that some package has redefined \expanded.
(etexcmds)             In the latter case, load this package earlier.
)))
("C:\Program Files\MiKTeX 2.9\tex\generic\oberdiek\pdftexcmds.sty"
Package: pdftexcmds 2011/11/29 v0.20 Utility functions of pdfTeX for LuaTeX (HO
)

("C:\Program Files\MiKTeX 2.9\tex\generic\oberdiek\ifpdf.sty"
Package: ifpdf 2011/01/30 v2.3 Provides the ifpdf switch (HO)
Package ifpdf Info: pdfTeX in PDF mode is detected.
)
Package pdftexcmds Info: LuaTeX not detected.
Package pdftexcmds Info: \pdf@primitive is available.
Package pdftexcmds Info: \pdf@ifprimitive is available.
Package pdftexcmds Info: \pdfdraftmode found.
)
Package grfext Info: Graphics extension search list:
(grfext)             [.png,.pdf,.jpg,.mps,.jpeg,.jbig2,.jb2,.PNG,.PDF,.JPG,.JPE
G,.JBIG2,.JB2,.eps]
(grfext)             \AppendGraphicsExtensions on input line 452.
))
("C:\Program Files\MiKTeX 2.9\tex\latex\hyperref\hyperref.sty"
Package: hyperref 2012/11/06 v6.83m Hypertext links for LaTeX

("C:\Program Files\MiKTeX 2.9\tex\generic\oberdiek\hobsub-hyperref.sty"
Package: hobsub-hyperref 2012/04/25 v1.12 Bundle oberdiek, subset hyperref (HO)


("C:\Program Files\MiKTeX 2.9\tex\generic\oberdiek\hobsub-generic.sty"
Package: hobsub-generic 2012/04/25 v1.12 Bundle oberdiek, subset generic (HO)
Package: hobsub 2012/04/25 v1.12 Construct package bundles (HO)
Package hobsub Info: Skipping package `infwarerr' (already loaded).
Package hobsub Info: Skipping package `ltxcmds' (already loaded).
Package hobsub Info: Skipping package `ifluatex' (already loaded).
Package: ifvtex 2010/03/01 v1.5 Detect VTeX and its facilities (HO)
Package ifvtex Info: VTeX not detected.
Package: intcalc 2007/09/27 v1.1 Expandable calculations with integers (HO)
Package hobsub Info: Skipping package `ifpdf' (already loaded).
Package hobsub Info: Skipping package `etexcmds' (already loaded).
Package hobsub Info: Skipping package `kvsetkeys' (already loaded).
Package hobsub Info: Skipping package `kvdefinekeys' (already loaded).
Package hobsub Info: Skipping package `pdftexcmds' (already loaded).
Package: pdfescape 2011/11/25 v1.13 Implements pdfTeX's escape features (HO)
Package: bigintcalc 2012/04/08 v1.3 Expandable calculations on big integers (HO
)
Package: bitset 2011/01/30 v1.1 Handle bit-vector datatype (HO)
Package: uniquecounter 2011/01/30 v1.2 Provide unlimited unique counter (HO)
)
Package hobsub Info: Skipping package `hobsub' (already loaded).
Package: letltxmacro 2010/09/02 v1.4 Let assignment for LaTeX macros (HO)
Package: hopatch 2011/06/24 v1.1 Wrapper for package hooks (HO)
Package: xcolor-patch 2011/01/30 xcolor patch
Package: atveryend 2011/06/30 v1.8 Hooks at the very end of document (HO)
Package atveryend Info: \enddocument detected (standard20110627).
Package: atbegshi 2011/10/05 v1.16 At begin shipout hook (HO)
Package: refcount 2011/10/16 v3.4 Data extraction from label references (HO)
Package: hycolor 2011/01/30 v1.7 Color options for hyperref/bookmark (HO)
)
("C:\Program Files\MiKTeX 2.9\tex\generic\ifxetex\ifxetex.sty"
Package: ifxetex 2010/09/12 v0.6 Provides ifxetex conditional
)
("C:\Program Files\MiKTeX 2.9\tex\latex\oberdiek\auxhook.sty"
Package: auxhook 2011/03/04 v1.3 Hooks for auxiliary files (HO)
)
\@linkdim=\dimen118
\Hy@linkcounter=\count111
\Hy@pagecounter=\count112

("C:\Program Files\MiKTeX 2.9\tex\latex\hyperref\pd1enc.def"
File: pd1enc.def 2012/11/06 v6.83m Hyperref: PDFDocEncoding definition (HO)
)
\Hy@SavedSpaceFactor=\count113

("C:\Program Files\MiKTeX 2.9\tex\latex\00miktex\hyperref.cfg"
File: hyperref.cfg 2002/06/06 v1.2 hyperref configuration of TeXLive
)
Package hyperref Info: Hyper figures OFF on input line 4443.
Package hyperref Info: Link nesting OFF on input line 4448.
Package hyperref Info: Hyper index ON on input line 4451.
Package hyperref Info: Plain pages OFF on input line 4458.
Package hyperref Info: Backreferencing OFF on input line 4463.
Package hyperref Info: Implicit mode ON; LaTeX internals redefined.
Package hyperref Info: Bookmarks ON on input line 4688.
\c@Hy@tempcnt=\count114

("C:\Program Files\MiKTeX 2.9\tex\latex\url\url.sty"
\Urlmuskip=\muskip11
Package: url 2013/09/16  ver 3.4  Verb mode for urls, etc.
)
LaTeX Info: Redefining \url on input line 5041.
\XeTeXLinkMargin=\dimen119
\Fld@menulength=\count115
\Field@Width=\dimen120
\Fld@charsize=\dimen121
Package hyperref Info: Hyper figures OFF on input line 6295.
Package hyperref Info: Link nesting OFF on input line 6300.
Package hyperref Info: Hyper index ON on input line 6303.
Package hyperref Info: backreferencing OFF on input line 6310.
Package hyperref Info: Link coloring OFF on input line 6315.
Package hyperref Info: Link coloring with OCG OFF on input line 6320.
Package hyperref Info: PDF/A mode OFF on input line 6325.
LaTeX Info: Redefining \ref on input line 6365.
LaTeX Info: Redefining \pageref on input line 6369.
\Hy@abspage=\count116
\c@Item=\count117
\c@Hfootnote=\count118
)

Package hyperref Message: Driver (autodetected): hpdftex.

("C:\Program Files\MiKTeX 2.9\tex\latex\hyperref\hpdftex.def"
File: hpdftex.def 2012/11/06 v6.83m Hyperref driver for pdfTeX
\Fld@listcount=\count119
\c@bookmark@seq@number=\count120

("C:\Program Files\MiKTeX 2.9\tex\latex\oberdiek\rerunfilecheck.sty"
Package: rerunfilecheck 2011/04/15 v1.7 Rerun checks for auxiliary files (HO)
Package uniquecounter Info: New unique counter `rerunfilecheck' on input line 2
82.
)
\Hy@SectionHShift=\skip59
)
(D:\Dropbox\ica-few\icml2017\icml2017.sty
Package: icml2017 2017/01/01 v2.0 ICML Conference Style File

(D:\Dropbox\ica-few\icml2017\fancyhdr.sty
\fancy@headwidth=\skip60
\f@ncyO@elh=\skip61
\f@ncyO@erh=\skip62
\f@ncyO@olh=\skip63
\f@ncyO@orh=\skip64
\f@ncyO@elf=\skip65
\f@ncyO@erf=\skip66
\f@ncyO@olf=\skip67
\f@ncyO@orf=\skip68
)
("C:\Program Files\MiKTeX 2.9\tex\latex\graphics\color.sty"
Package: color 2005/11/14 v1.0j Standard LaTeX Color (DPC)

("C:\Program Files\MiKTeX 2.9\tex\latex\00miktex\color.cfg"
File: color.cfg 2007/01/18 v1.5 color configuration of teTeX/TeXLive
)
Package color Info: Driver file: pdftex.def on input line 130.
)
(D:\Dropbox\ica-few\icml2017\natbib.sty
Package: natbib 2009/07/16 8.31 (PWD, AO)
\bibhang=\skip69
\bibsep=\skip70
LaTeX Info: Redefining \cite on input line 694.
\c@NAT@ctr=\count121
)
("C:\Program Files\MiKTeX 2.9\tex\latex\eso-pic\eso-pic.sty"
Package: eso-pic 2013/10/06 v2.0d eso-pic (RN)
)
("C:\Program Files\MiKTeX 2.9\tex\latex\forloop\forloop.sty"
Package: forloop 2006/09/18 v3.0 For Loops for LaTeX
)
Package hyperref Info: Option `colorlinks' set `true' on input line 101.
\titrun=\box30
\c@@affiliationcounter=\count122
\c@@affilnum=\count123
\newcaptionbox=\box31
\newcaptionboxwid=\dimen122
\icmlrulerbox=\box32
\icmlrulercount=\count124
\icmlruleroffset=\dimen123
\cv@lineheight=\dimen124
\cv@boxheight=\dimen125
\cv@tmpbox=\box33
\cv@refno=\count125
\cv@tot=\count126
\cv@tmpc@=\count127
\cv@tmpc=\count128
)
("C:\Program Files\MiKTeX 2.9\tex\latex\mnsymbol\MnSymbol.sty"
Package: MnSymbol 2007/01/21 v1.4 support for the MnSymbol font

("C:\Program Files\MiKTeX 2.9\tex\latex\base\textcomp.sty"
Package: textcomp 2005/09/27 v1.99g Standard LaTeX package
Package textcomp Info: Sub-encoding information:
(textcomp)               5 = only ISO-Adobe without \textcurrency
(textcomp)               4 = 5 + \texteuro
(textcomp)               3 = 4 + \textohm
(textcomp)               2 = 3 + \textestimated + \textcurrency
(textcomp)               1 = TS1 - \textcircled - \t
(textcomp)               0 = TS1 (full)
(textcomp)             Font families with sub-encoding setting implement
(textcomp)             only a restricted character set as indicated.
(textcomp)             Family '?' is the default used for unknown fonts.
(textcomp)             See the documentation for details.
Package textcomp Info: Setting ? sub-encoding to TS1/1 on input line 71.

("C:\Program Files\MiKTeX 2.9\tex\latex\base\ts1enc.def"
File: ts1enc.def 2001/06/05 v3.0e (jk/car/fm) Standard LaTeX file
)
LaTeX Info: Redefining \oldstylenums on input line 266.
Package textcomp Info: Setting cmr sub-encoding to TS1/0 on input line 281.
Package textcomp Info: Setting cmss sub-encoding to TS1/0 on input line 282.
Package textcomp Info: Setting cmtt sub-encoding to TS1/0 on input line 283.
Package textcomp Info: Setting cmvtt sub-encoding to TS1/0 on input line 284.
Package textcomp Info: Setting cmbr sub-encoding to TS1/0 on input line 285.
Package textcomp Info: Setting cmtl sub-encoding to TS1/0 on input line 286.
Package textcomp Info: Setting ccr sub-encoding to TS1/0 on input line 287.
Package textcomp Info: Setting ptm sub-encoding to TS1/4 on input line 288.
Package textcomp Info: Setting pcr sub-encoding to TS1/4 on input line 289.
Package textcomp Info: Setting phv sub-encoding to TS1/4 on input line 290.
Package textcomp Info: Setting ppl sub-encoding to TS1/3 on input line 291.
Package textcomp Info: Setting pag sub-encoding to TS1/4 on input line 292.
Package textcomp Info: Setting pbk sub-encoding to TS1/4 on input line 293.
Package textcomp Info: Setting pnc sub-encoding to TS1/4 on input line 294.
Package textcomp Info: Setting pzc sub-encoding to TS1/4 on input line 295.
Package textcomp Info: Setting bch sub-encoding to TS1/4 on input line 296.
Package textcomp Info: Setting put sub-encoding to TS1/5 on input line 297.
Package textcomp Info: Setting uag sub-encoding to TS1/5 on input line 298.
Package textcomp Info: Setting ugq sub-encoding to TS1/5 on input line 299.
Package textcomp Info: Setting ul8 sub-encoding to TS1/4 on input line 300.
Package textcomp Info: Setting ul9 sub-encoding to TS1/4 on input line 301.
Package textcomp Info: Setting augie sub-encoding to TS1/5 on input line 302.
Package textcomp Info: Setting dayrom sub-encoding to TS1/3 on input line 303.
Package textcomp Info: Setting dayroms sub-encoding to TS1/3 on input line 304.

Package textcomp Info: Setting pxr sub-encoding to TS1/0 on input line 305.
Package textcomp Info: Setting pxss sub-encoding to TS1/0 on input line 306.
Package textcomp Info: Setting pxtt sub-encoding to TS1/0 on input line 307.
Package textcomp Info: Setting txr sub-encoding to TS1/0 on input line 308.
Package textcomp Info: Setting txss sub-encoding to TS1/0 on input line 309.
Package textcomp Info: Setting txtt sub-encoding to TS1/0 on input line 310.
Package textcomp Info: Setting lmr sub-encoding to TS1/0 on input line 311.
Package textcomp Info: Setting lmdh sub-encoding to TS1/0 on input line 312.
Package textcomp Info: Setting lmss sub-encoding to TS1/0 on input line 313.
Package textcomp Info: Setting lmssq sub-encoding to TS1/0 on input line 314.
Package textcomp Info: Setting lmvtt sub-encoding to TS1/0 on input line 315.
Package textcomp Info: Setting qhv sub-encoding to TS1/0 on input line 316.
Package textcomp Info: Setting qag sub-encoding to TS1/0 on input line 317.
Package textcomp Info: Setting qbk sub-encoding to TS1/0 on input line 318.
Package textcomp Info: Setting qcr sub-encoding to TS1/0 on input line 319.
Package textcomp Info: Setting qcs sub-encoding to TS1/0 on input line 320.
Package textcomp Info: Setting qpl sub-encoding to TS1/0 on input line 321.
Package textcomp Info: Setting qtm sub-encoding to TS1/0 on input line 322.
Package textcomp Info: Setting qzc sub-encoding to TS1/0 on input line 323.
Package textcomp Info: Setting qhvc sub-encoding to TS1/0 on input line 324.
Package textcomp Info: Setting futs sub-encoding to TS1/4 on input line 325.
Package textcomp Info: Setting futx sub-encoding to TS1/4 on input line 326.
Package textcomp Info: Setting futj sub-encoding to TS1/4 on input line 327.
Package textcomp Info: Setting hlh sub-encoding to TS1/3 on input line 328.
Package textcomp Info: Setting hls sub-encoding to TS1/3 on input line 329.
Package textcomp Info: Setting hlst sub-encoding to TS1/3 on input line 330.
Package textcomp Info: Setting hlct sub-encoding to TS1/5 on input line 331.
Package textcomp Info: Setting hlx sub-encoding to TS1/5 on input line 332.
Package textcomp Info: Setting hlce sub-encoding to TS1/5 on input line 333.
Package textcomp Info: Setting hlcn sub-encoding to TS1/5 on input line 334.
Package textcomp Info: Setting hlcw sub-encoding to TS1/5 on input line 335.
Package textcomp Info: Setting hlcf sub-encoding to TS1/5 on input line 336.
Package textcomp Info: Setting pplx sub-encoding to TS1/3 on input line 337.
Package textcomp Info: Setting pplj sub-encoding to TS1/3 on input line 338.
Package textcomp Info: Setting ptmx sub-encoding to TS1/4 on input line 339.
Package textcomp Info: Setting ptmj sub-encoding to TS1/4 on input line 340.
)
LaTeX Info: Redefining \dagger on input line 84.
LaTeX Info: Redefining \ddagger on input line 84.
LaTeX Info: Redefining \mathparagraph on input line 84.
LaTeX Info: Redefining \mathsection on input line 84.
LaTeX Info: Redefining \mathdollar on input line 84.
LaTeX Info: Redefining \mathsterling on input line 84.
LaTeX Info: Redefining \yen on input line 84.
LaTeX Info: Redefining \circledR on input line 84.
LaTeX Info: Redefining \circledS on input line 84.
LaTeX Info: Redefining \Re on input line 84.
LaTeX Info: Redefining \Im on input line 84.
LaTeX Info: Redefining \dotplus on input line 84.
LaTeX Info: Redefining \thicksim on input line 84.
LaTeX Info: Redefining \thickapprox on input line 84.
LaTeX Info: Redefining \veebar on input line 84.
LaTeX Info: Redefining \barwedge on input line 84.
LaTeX Info: Redefining \doublebarwedge on input line 84.
LaTeX Info: Redefining \centerdot on input line 84.
LaTeX Info: Redefining \divideontimes on input line 84.
\symMnSyA=\mathgroup6
\symMnSyB=\mathgroup7
\symMnSyC=\mathgroup8
\symMnSyD=\mathgroup9
LaTeX Font Info:    Redeclaring symbol font `largesymbols' on input line 119.
LaTeX Font Info:    Overwriting symbol font `largesymbols' in version `normal'
(Font)                  OMX/cmex/m/n --> OMX/MnSymbolE/m/n on input line 119.
LaTeX Font Info:    Overwriting symbol font `largesymbols' in version `bold'
(Font)                  OMX/cmex/m/n --> OMX/MnSymbolE/m/n on input line 119.
LaTeX Font Info:    Redeclaring symbol font `symbols' on input line 120.
LaTeX Font Info:    Encoding `OMS' has changed to `U' for symbol font
(Font)              `symbols' in the math version `normal' on input line 120.
LaTeX Font Info:    Overwriting symbol font `symbols' in version `normal'
(Font)                  OMS/cmsy/m/n --> U/MnSymbolF/m/n on input line 120.
LaTeX Font Info:    Encoding `OMS' has changed to `U' for symbol font
(Font)              `symbols' in the math version `bold' on input line 120.
LaTeX Font Info:    Overwriting symbol font `symbols' in version `bold'
(Font)                  OMS/cmsy/b/n --> U/MnSymbolF/m/n on input line 120.
LaTeX Font Info:    Overwriting symbol font `MnSyA' in version `bold'
(Font)                  U/MnSymbolA/m/n --> U/MnSymbolA/b/n on input line 121.
LaTeX Font Info:    Overwriting symbol font `MnSyB' in version `bold'
(Font)                  U/MnSymbolB/m/n --> U/MnSymbolB/b/n on input line 122.
LaTeX Font Info:    Overwriting symbol font `MnSyC' in version `bold'
(Font)                  U/MnSymbolC/m/n --> U/MnSymbolC/b/n on input line 123.
LaTeX Font Info:    Overwriting symbol font `MnSyD' in version `bold'
(Font)                  U/MnSymbolD/m/n --> U/MnSymbolD/b/n on input line 124.
LaTeX Font Info:    Overwriting symbol font `largesymbols' in version `bold'
(Font)                  OMX/MnSymbolE/m/n --> OMX/MnSymbolE/b/n on input line 1
25.
LaTeX Font Info:    Overwriting symbol font `symbols' in version `bold'
(Font)                  U/MnSymbolF/m/n --> U/MnSymbolF/b/n on input line 126.
LaTeX Font Info:    Redeclaring math alphabet \mathcal on input line 241.
LaTeX Font Info:    Overwriting math alphabet `\mathcal' in version `bold'
(Font)                  OMS/MnSymbolS/m/n --> OMS/MnSymbolS/b/n on input line 2
41.
LaTeX Info: Redefining \longrightarrow on input line 548.
LaTeX Info: Redefining \longleftarrow on input line 549.
LaTeX Info: Redefining \longleftrightarrow on input line 550.
LaTeX Info: Redefining \Longrightarrow on input line 551.
LaTeX Info: Redefining \Longleftarrow on input line 552.
LaTeX Info: Redefining \Longleftrightarrow on input line 553.
LaTeX Info: Redefining \longmapsto on input line 554.
LaTeX Info: Redefining \vdots on input line 868.
LaTeX Font Info:    Redeclaring math symbol \braceld on input line 1721.
LaTeX Font Info:    Redeclaring math symbol \bracelu on input line 1722.
LaTeX Font Info:    Redeclaring math symbol \bracerd on input line 1723.
LaTeX Font Info:    Redeclaring math symbol \braceru on input line 1724.
LaTeX Info: Redefining \downbracefill on input line 1799.
LaTeX Info: Redefining \upbracefill on input line 1800.
LaTeX Info: Redefining \overbrace on input line 1819.
LaTeX Info: Redefining \underbrace on input line 1820.
LaTeX Info: Redefining \surd on input line 1843.
LaTeX Font Info:    Redeclaring math accent \widehat on input line 1845.
LaTeX Font Info:    Redeclaring math accent \widetilde on input line 1846.
LaTeX Font Info:    Redeclaring math accent \vec on input line 1848.
)
\c@observation=\count129
\c@theorem=\count130
\c@proposition=\count131
\c@lemma=\count132
\c@corollary=\count133
\c@definition=\count134
\c@remark=\count135
\c@example=\count136
\c@problem=\count137

(D:\Dropbox\ica-few\icml2017\ica_few.aux

LaTeX Warning: Label `fig:image_1' multiply defined.


LaTeX Warning: Label `sub@fig:image_1' multiply defined.


LaTeX Warning: Label `fig:image_1' multiply defined.


LaTeX Warning: Label `sub@fig:image_1' multiply defined.


LaTeX Warning: Label `fig:image_1' multiply defined.


LaTeX Warning: Label `sub@fig:image_1' multiply defined.

)
LaTeX Font Info:    Checking defaults for OML/cmm/m/it on input line 115.
LaTeX Font Info:    ... okay on input line 115.
LaTeX Font Info:    Checking defaults for T1/cmr/m/n on input line 115.
LaTeX Font Info:    ... okay on input line 115.
LaTeX Font Info:    Checking defaults for OT1/cmr/m/n on input line 115.
LaTeX Font Info:    ... okay on input line 115.
LaTeX Font Info:    Checking defaults for OMS/cmsy/m/n on input line 115.
LaTeX Font Info:    ... okay on input line 115.
LaTeX Font Info:    Checking defaults for OMX/cmex/m/n on input line 115.
LaTeX Font Info:    ... okay on input line 115.
LaTeX Font Info:    Checking defaults for U/cmr/m/n on input line 115.
LaTeX Font Info:    ... okay on input line 115.
LaTeX Font Info:    Checking defaults for PD1/pdf/m/n on input line 115.
LaTeX Font Info:    ... okay on input line 115.
LaTeX Font Info:    Checking defaults for TS1/cmr/m/n on input line 115.
LaTeX Font Info:    Try loading font information for TS1+cmr on input line 115.

 ("C:\Program Files\MiKTeX 2.9\tex\latex\base\ts1cmr.fd"
File: ts1cmr.fd 1999/05/25 v2.5h Standard LaTeX font definitions
)
LaTeX Font Info:    ... okay on input line 115.
LaTeX Font Info:    Try loading font information for OT1+ptm on input line 115.


("C:\Program Files\MiKTeX 2.9\tex\latex\psnfss\ot1ptm.fd"
File: ot1ptm.fd 2001/06/04 font definitions for OT1/ptm.
)
("C:\Program Files\MiKTeX 2.9\tex\context\base\supp-pdf.mkii"
[Loading MPS to PDF converter (version 2006.09.02).]
\scratchcounter=\count138
\scratchdimen=\dimen126
\scratchbox=\box34
\nofMPsegments=\count139
\nofMParguments=\count140
\everyMPshowfont=\toks29
\MPscratchCnt=\count141
\MPscratchDim=\dimen127
\MPnumerator=\count142
\makeMPintoPDFobject=\count143
\everyMPtoPDFconversion=\toks30
)
\AtBeginShipoutBox=\box35
Package hyperref Info: Link coloring ON on input line 115.
 ("C:\Program Files\MiKTeX 2.9\tex\latex\hyperref\nameref.sty"
Package: nameref 2012/10/27 v2.43 Cross-referencing by name of section

("C:\Program Files\MiKTeX 2.9\tex\generic\oberdiek\gettitlestring.sty"
Package: gettitlestring 2010/12/03 v1.4 Cleanup title references (HO)
)
\c@section@level=\count144
)
LaTeX Info: Redefining \ref on input line 115.
LaTeX Info: Redefining \pageref on input line 115.
LaTeX Info: Redefining \nameref on input line 115.

(D:\Dropbox\ica-few\icml2017\ica_few.out)
(D:\Dropbox\ica-few\icml2017\ica_few.out)
\@outlinefile=\write3
LaTeX Font Info:    Font shape `OT1/ptm/bx/n' in size <9> not available
(Font)              Font shape `OT1/ptm/b/n' tried instead on input line 152.
LaTeX Font Info:    Font shape `OT1/ptm/bx/n' in size <14.4> not available
(Font)              Font shape `OT1/ptm/b/n' tried instead on input line 152.
LaTeX Font Info:    Font shape `OT1/ptm/bx/n' in size <10> not available
(Font)              Font shape `OT1/ptm/b/n' tried instead on input line 152.
\c@@affil@anon=\count145
LaTeX Font Info:    Try loading font information for U+msa on input line 152.

("C:\Program Files\MiKTeX 2.9\tex\latex\amsfonts\umsa.fd"
File: umsa.fd 2013/01/14 v3.01 AMS symbols A
)
LaTeX Font Info:    Try loading font information for U+msb on input line 152.

("C:\Program Files\MiKTeX 2.9\tex\latex\amsfonts\umsb.fd"
File: umsb.fd 2013/01/14 v3.01 AMS symbols B
)
LaTeX Font Info:    Font shape `OT1/ptm/bx/n' in size <12> not available
(Font)              Font shape `OT1/ptm/b/n' tried instead on input line 154.

(D:\Dropbox\ica-few\icml2017\introduction.tex

Package natbib Warning: Citation `pham1997blind' on page 1 undefined on input l
ine 15.

<2/2_6_or_1.png, id=50, 482.80376pt x 322.20375pt>
File: 2/2_6_or_1.png Graphic file (type png)
 <use 2/2_6_or_1.png>
Package pdftex.def Info: 2/2_6_or_1.png used on input line 35.
(pdftex.def)             Requested size: 115.63243pt x 77.16823pt.

<2/2_6_or_2.png, id=51, 482.80376pt x 322.20375pt>
File: 2/2_6_or_2.png Graphic file (type png)
 <use 2/2_6_or_2.png>
Package pdftex.def Info: 2/2_6_or_2.png used on input line 35.
(pdftex.def)             Requested size: 115.63243pt x 77.16823pt.

<2/2_6_ICA_FEW_II_2.jpg, id=52, 482.80376pt x 322.20375pt>
File: 2/2_6_ICA_FEW_II_2.jpg Graphic file (type jpg)

<use 2/2_6_ICA_FEW_II_2.jpg>
Package pdftex.def Info: 2/2_6_ICA_FEW_II_2.jpg used on input line 45.
(pdftex.def)             Requested size: 115.63243pt x 77.16823pt.

<2/2_6_ICA11_2.jpg, id=53, 482.80376pt x 322.20375pt>
File: 2/2_6_ICA11_2.jpg Graphic file (type jpg)
 <use 2/2_6_ICA11_2.jpg>
Package pdftex.def Info: 2/2_6_ICA11_2.jpg used on input line 48.
(pdftex.def)             Requested size: 115.63243pt x 77.16823pt.

<2/2_6_ICA5_2.jpg, id=54, 482.80376pt x 322.20375pt>
File: 2/2_6_ICA5_2.jpg Graphic file (type jpg)
 <use 2/2_6_ICA5_2.jpg>
Package pdftex.def Info: 2/2_6_ICA5_2.jpg used on input line 51.
(pdftex.def)             Requested size: 115.63243pt x 77.16823pt.

<2/2_6_ICA_FEW_II_1.jpg, id=55, 482.80376pt x 322.20375pt>
File: 2/2_6_ICA_FEW_II_1.jpg Graphic file (type jpg)

<use 2/2_6_ICA_FEW_II_1.jpg>
Package pdftex.def Info: 2/2_6_ICA_FEW_II_1.jpg used on input line 55.
(pdftex.def)             Requested size: 115.63243pt x 77.16823pt.

<2/2_6_ICA11_1.jpg, id=56, 482.80376pt x 322.20375pt>
File: 2/2_6_ICA11_1.jpg Graphic file (type jpg)
 <use 2/2_6_ICA11_1.jpg>
Package pdftex.def Info: 2/2_6_ICA11_1.jpg used on input line 58.
(pdftex.def)             Requested size: 115.63243pt x 77.16823pt.

<2/2_6_ICA5_1.jpg, id=57, 482.80376pt x 322.20375pt>
File: 2/2_6_ICA5_1.jpg Graphic file (type jpg)
 <use 2/2_6_ICA5_1.jpg>
Package pdftex.def Info: 2/2_6_ICA5_1.jpg used on input line 61.
(pdftex.def)             Requested size: 115.63243pt x 77.16823pt.


! LaTeX Error: \mathcal allowed only in math mode.

See the LaTeX manual or LaTeX Companion for explanation.
Type  H <return>  for immediate help.
 ...                                              
                                                  
l.77 ...2017pattern} as $\F$ we take the class \SN
                                                  {} of split-normal densities.

? 
[1{C:/ProgramData/MiKTeX/2.9/pdftex/config/pdftex.map}



])
(D:\Dropbox\ica-few\icml2017\related_works.tex
Underfull \vbox (badness 10000) has occurred while \output is active []


Underfull \vbox (badness 10000) has occurred while \output is active []

 [2 <D:/Dropbox/ica-few/icml2017/2/2_6_or_1.png (PNG copy)> <D:/Dropbox/ica-few
/icml2017/2/2_6_or_2.png (PNG copy)> <D:/Dropbox/ica-few/icml2017/2/2_6_ICA_FEW
_II_2.jpg> <D:/Dropbox/ica-few/icml2017/2/2_6_ICA11_2.jpg> <D:/Dropbox/ica-few/
icml2017/2/2_6_ICA5_2.jpg> <D:/Dropbox/ica-few/icml2017/2/2_6_ICA_FEW_II_1.jpg>
 <D:/Dropbox/ica-few/icml2017/2/2_6_ICA11_1.jpg> <D:/Dropbox/ica-few/icml2017/2
/2_6_ICA5_1.jpg>]) (D:\Dropbox\ica-few\icml2017\section_1.tex)
(D:\Dropbox\ica-few\icml2017\section_3.tex [3]

! LaTeX Error: \mathcal allowed only in math mode.

See the LaTeX manual or LaTeX Companion for explanation.
Type  H <return>  for immediate help.
 ...                                              
                                                  
l.127 ...l algorithm of \ICA{}. The density of \SN
                                                  {}, the one-dimensional sp...

? 
[4]
Overfull \hbox (10.76558pt too wide) detected at line 280
[]
 []


Overfull \hbox (13.0739pt too wide) detected at line 290
[]
 []

[5]) (D:\Dropbox\ica-few\icml2017\experiments.tex
LaTeX Font Info:    Try loading font information for OT1+pcr on input line 57.

("C:\Program Files\MiKTeX 2.9\tex\latex\psnfss\ot1pcr.fd"
File: ot1pcr.fd 2001/06/04 font definitions for OT1/pcr.
)
<spec/O_1.png, id=187, 481.8pt x 481.8pt>
File: spec/O_1.png Graphic file (type png)
 <use spec/O_1.png>
Package pdftex.def Info: spec/O_1.png used on input line 99.
(pdftex.def)             Requested size: 86.72377pt x 86.72025pt.

<spec/O_2.png, id=188, 481.8pt x 481.8pt>
File: spec/O_2.png Graphic file (type png)
 <use spec/O_2.png>
Package pdftex.def Info: spec/O_2.png used on input line 99.
(pdftex.def)             Requested size: 86.72377pt x 86.72025pt.

<spec/O_3.png, id=189, 481.8pt x 481.8pt>
File: spec/O_3.png Graphic file (type png)
 <use spec/O_3.png>
Package pdftex.def Info: spec/O_3.png used on input line 99.
(pdftex.def)             Requested size: 86.72377pt x 86.72025pt.

<spec/O_4.png, id=190, 481.8pt x 481.8pt>
File: spec/O_4.png Graphic file (type png)
 <use spec/O_4.png>
Package pdftex.def Info: spec/O_4.png used on input line 99.
(pdftex.def)             Requested size: 86.72377pt x 86.72025pt.

<spec/1.png, id=191, 481.8pt x 481.8pt>
File: spec/1.png Graphic file (type png)
 <use spec/1.png>
Package pdftex.def Info: spec/1.png used on input line 107.
(pdftex.def)             Requested size: 86.72377pt x 86.72025pt.

<spec/2.png, id=192, 481.8pt x 481.8pt>
File: spec/2.png Graphic file (type png)
 <use spec/2.png>
Package pdftex.def Info: spec/2.png used on input line 107.
(pdftex.def)             Requested size: 86.72377pt x 86.72025pt.

<spec/3.png, id=193, 481.8pt x 481.8pt>
File: spec/3.png Graphic file (type png)
 <use spec/3.png>
Package pdftex.def Info: spec/3.png used on input line 107.
(pdftex.def)             Requested size: 86.72377pt x 86.72025pt.

<spec/4.png, id=194, 481.8pt x 481.8pt>
File: spec/4.png Graphic file (type png)
 <use spec/4.png>
Package pdftex.def Info: spec/4.png used on input line 107.
(pdftex.def)             Requested size: 86.72377pt x 86.72025pt.

<spec/ica_121.png, id=195, 481.8pt x 481.8pt>
File: spec/ica_121.png Graphic file (type png)
 <use spec/ica_121.png>
Package pdftex.def Info: spec/ica_121.png used on input line 115.
(pdftex.def)             Requested size: 86.72377pt x 86.72025pt.

<spec/ica_122.png, id=196, 481.8pt x 481.8pt>
File: spec/ica_122.png Graphic file (type png)
 <use spec/ica_122.png>
Package pdftex.def Info: spec/ica_122.png used on input line 115.
(pdftex.def)             Requested size: 86.72377pt x 86.72025pt.

<spec/ica_123.png, id=197, 481.8pt x 481.8pt>
File: spec/ica_123.png Graphic file (type png)
 <use spec/ica_123.png>
Package pdftex.def Info: spec/ica_123.png used on input line 115.
(pdftex.def)             Requested size: 86.72377pt x 86.72025pt.

<spec/ica_124.png, id=198, 481.8pt x 481.8pt>
File: spec/ica_124.png Graphic file (type png)
 <use spec/ica_124.png>
Package pdftex.def Info: spec/ica_124.png used on input line 115.
(pdftex.def)             Requested size: 86.72377pt x 86.72025pt.

<spec/ica_51.png, id=199, 481.8pt x 481.8pt>
File: spec/ica_51.png Graphic file (type png)
 <use spec/ica_51.png>
Package pdftex.def Info: spec/ica_51.png used on input line 131.
(pdftex.def)             Requested size: 86.72377pt x 86.72025pt.

<spec/ica_52.png, id=200, 481.8pt x 481.8pt>
File: spec/ica_52.png Graphic file (type png)
 <use spec/ica_52.png>
Package pdftex.def Info: spec/ica_52.png used on input line 131.
(pdftex.def)             Requested size: 86.72377pt x 86.72025pt.

<spec/ica_53.png, id=201, 481.8pt x 481.8pt>
File: spec/ica_53.png Graphic file (type png)
 <use spec/ica_53.png>
Package pdftex.def Info: spec/ica_53.png used on input line 131.
(pdftex.def)             Requested size: 86.72377pt x 86.72025pt.

<spec/ica_54.png, id=202, 481.8pt x 481.8pt>
File: spec/ica_54.png Graphic file (type png)
 <use spec/ica_54.png>
Package pdftex.def Info: spec/ica_54.png used on input line 131.
(pdftex.def)             Requested size: 86.72377pt x 86.72025pt.
)
(D:\Dropbox\ica-few\icml2017\appendix_a.tex
LaTeX Font Info:    Try loading font information for U+dsrom on input line 17.

("C:\Program Files\MiKTeX 2.9\tex\latex\dstroke\udsrom.fd"
File: Udsrom.fd 1995/08/01 v0.1 Double stroke roman font definitions
)
Underfull \vbox (badness 10000) has occurred while \output is active []

 [6]
Overfull \hbox (2.40724pt too wide) detected at line 80
[]
 []

) (D:\Dropbox\ica-few\icml2017\appendix_b.tex [7]
Underfull \hbox (badness 10000) in paragraph at lines 18--19
[]\OT1/ptm/m/n/10 By the Laplace ex-pan-sion $[] \OML/cmm/m/it/10 A \U/MnSymbol
D/m/n/10  $
 []


Underfull \vbox (badness 10000) has occurred while \output is active []

 [8 <D:/Dropbox/ica-few/icml2017/spec/O_1.png> <D:/Dropbox/ica-few/icml2017/spe
c/O_2.png> <D:/Dropbox/ica-few/icml2017/spec/O_3.png> <D:/Dropbox/ica-few/icml2
017/spec/O_4.png> <D:/Dropbox/ica-few/icml2017/spec/1.png> <D:/Dropbox/ica-few/
icml2017/spec/2.png> <D:/Dropbox/ica-few/icml2017/spec/3.png> <D:/Dropbox/ica-f
ew/icml2017/spec/4.png> <D:/Dropbox/ica-few/icml2017/spec/ica_121.png> <D:/Drop
box/ica-few/icml2017/spec/ica_122.png> <D:/Dropbox/ica-few/icml2017/spec/ica_12
3.png> <D:/Dropbox/ica-few/icml2017/spec/ica_124.png> <D:/Dropbox/ica-few/icml2
017/spec/ica_51.png> <D:/Dropbox/ica-few/icml2017/spec/ica_52.png> <D:/Dropbox/
ica-few/icml2017/spec/ica_53.png> <D:/Dropbox/ica-few/icml2017/spec/ica_54.png>
]
Overfull \hbox (5.98656pt too wide) detected at line 76
[]
 []

) (D:\Dropbox\ica-few\icml2017\ica_few.bbl
Underfull \hbox (badness 1264) in paragraph at lines 40--45
\OT1/ptm/m/n/10 tri-bu-tion.  \OT1/ptm/m/it/10 Jour-nal of Ma-chine Learn-ing R
e-search\OT1/ptm/m/n/10 ,
 []

[9]
Underfull \hbox (badness 1292) in paragraph at lines 73--77
[]\OT1/ptm/m/n/10 Christopher G Green, Ra-jesh R Nandy, and Di-et-mar
 []


Underfull \hbox (badness 1097) in paragraph at lines 196--200
\OT1/ptm/m/n/10 and Pe-ter Grass-berger.  Least-dependent-component
 []

[10]
Missing character: There is no â in font ptmri7t!
Missing character: There is no € in font ptmri7t!
Missing character: There is no ” in font ptmri7t!
)

Package natbib Warning: There were undefined citations.

Package atveryend Info: Empty hook `BeforeClearDocument' on input line 245.
[11

]
Package atveryend Info: Empty hook `AfterLastShipout' on input line 245.
 (D:\Dropbox\ica-few\icml2017\ica_few.aux

Package natbib Warning: Citation(s) may have changed.
(natbib)                Rerun to get citations correct.


! Package natbib Error: Bibliography not compatible with author-year citations.

(natbib)                Press <return> to continue in numerical citation style.


See the natbib package documentation for explanation.
Type  H <return>  for immediate help.
 ...                                              
                                                  
l.143 ...and\NAT@force@numbers{}\NAT@force@numbers
                                                  
? 
)
Package atveryend Info: Executing hook `AtVeryEndDocument' on input line 245.
Package atveryend Info: Executing hook `AtEndAfterFileList' on input line 245.


Package rerunfilecheck Warning: File `ica_few.out' has changed.
(rerunfilecheck)                Rerun to get outlines right
(rerunfilecheck)                or use package `bookmark'.

Package rerunfilecheck Info: Checksums for `ica_few.out':
(rerunfilecheck)             Before: A1E4909A52FEA99A7F12B835C529756F;569
(rerunfilecheck)             After:  D41D8CD98F00B204E9800998ECF8427E;0.

LaTeX Warning: There were multiply-defined labels.

Package atveryend Info: Empty hook `AtVeryVeryEnd' on input line 245.
 ) 
Here is how much of TeX's memory you used:
 9471 strings out of 493921
 135383 string characters out of 3147276
 233069 words of memory out of 3000000
 12392 multiletter control sequences out of 15000+200000
 46831 words of font info for 124 fonts, out of 3000000 for 9000
 841 hyphenation exceptions out of 8191
 42i,15n,45p,862b,555s stack positions out of 5000i,500n,10000p,200000b,50000s
pdfTeX warning (dest): name{lemma.4.1} has been referenced but does not exist
, replaced by a fixed one

pdfTeX warning (dest): name{theorem.4.2} has been referenced but does not exist
, replaced by a fixed one

pdfTeX warning (dest): name{equation.4.3} has been referenced but does not exis
t, replaced by a fixed one

pdfTeX warning (dest): name{theorem.4.1} has been referenced but does not exist
, replaced by a fixed one

pdfTeX warning (dest): name{equation.1.1} has been referenced but does not exis
t, replaced by a fixed one

pdfTeX warning (dest): name{subsection.5.2} has been referenced but does not ex
ist, replaced by a fixed one

pdfTeX warning (dest): name{subsection.3.1} has been referenced but does not ex
ist, replaced by a fixed one

{C:/Program Files/MiKTeX 2.9/fonts/enc/dvips/fontname/8r.enc}{C:/Program Files/
MiKTeX 2.9/fonts/enc/dvips/mnsymbol/MnSymbolE.enc}{C:/Program Files/MiKTeX 2.9/
fonts/enc/dvips/mnsymbol/MnSymbolC.enc}{C:/Program Files/MiKTeX 2.9/fonts/enc/d
vips/mnsymbol/MnSymbolD.enc}{C:/Program Files/MiKTeX 2.9/fonts/enc/dvips/mnsymb
ol/MnSymbolF.enc}{C:/Program Files/MiKTeX 2.9/fonts/enc/dvips/mnsymbol/MnSymbol
S.enc}{C:/Program Files/MiKTeX 2.9/fonts/enc/dvips/mnsymbol/MnSymbolA.enc}<C:/P
rogram Files/MiKTeX 2.9/fonts/type1/public/mnsymbol/MnSymbol10.pfb><C:/Program 
Files/MiKTeX 2.9/fonts/type1/public/mnsymbol/MnSymbol5.pfb><C:/Program Files/Mi
KTeX 2.9/fonts/type1/public/mnsymbol/MnSymbol7.pfb><C:/Program Files/MiKTeX 2.9
/fonts/type1/public/amsfonts/cm/cmbx10.pfb><C:/Program Files/MiKTeX 2.9/fonts/t
ype1/public/amsfonts/cm/cmbx7.pfb><C:/Program Files/MiKTeX 2.9/fonts/type1/publ
ic/amsfonts/cm/cmmi10.pfb><C:/Program Files/MiKTeX 2.9/fonts/type1/public/amsfo
nts/cm/cmmi5.pfb><C:/Program Files/MiKTeX 2.9/fonts/type1/public/amsfonts/cm/cm
mi6.pfb><C:/Program Files/MiKTeX 2.9/fonts/type1/public/amsfonts/cm/cmmi7.pfb><
C:/Program Files/MiKTeX 2.9/fonts/type1/public/amsfonts/cm/cmmi8.pfb><C:/Progra
m Files/MiKTeX 2.9/fonts/type1/public/amsfonts/cm/cmr10.pfb><C:/Program Files/M
iKTeX 2.9/fonts/type1/public/amsfonts/cm/cmr5.pfb><C:/Program Files/MiKTeX 2.9/
fonts/type1/public/amsfonts/cm/cmr7.pfb><C:/Program Files/MiKTeX 2.9/fonts/type
1/public/dstroke/dsrom10.pfb><C:/Program Files/MiKTeX 2.9/fonts/type1/public/am
sfonts/symbols/msbm10.pfb><C:/Program Files/MiKTeX 2.9/fonts/type1/urw/courier/
ucrr8a.pfb><C:/Program Files/MiKTeX 2.9/fonts/type1/urw/times/utmb8a.pfb><C:/Pr
ogram Files/MiKTeX 2.9/fonts/type1/urw/times/utmr8a.pfb><C:/Program Files/MiKTe
X 2.9/fonts/type1/urw/times/utmr8a.pfb><C:/Program Files/MiKTeX 2.9/fonts/type1
/urw/times/utmri8a.pfb>
Output written on ica_few.pdf (11 pages, 1573688 bytes).
PDF statistics:
 400 PDF objects out of 1000 (max. 8388607)
 104 named destinations out of 1000 (max. 500000)
 201 words of extra memory for PDF output out of 10000 (max. 10000000)

